<?xml version="1.0" encoding="utf-8"?><testsuites name="pytest tests"><testsuite name="pytest" errors="0" failures="0" skipped="0" tests="17" time="7.335" timestamp="2026-03-31T13:13:23.892448+00:00" hostname="agent-env-a2e83356-880d-4e72-8fe3-7b748c0c223a"><testcase classname="backend.tests.test_affiliate_reseller_ondemand.TestAffiliateOnDemandLinks" name="test_affiliate_me_endpoint" time="0.607" /><testcase classname="backend.tests.test_affiliate_reseller_ondemand.TestAffiliateOnDemandLinks" name="test_generate_affiliate_link" time="0.488" /><testcase classname="backend.tests.test_affiliate_reseller_ondemand.TestAffiliateOnDemandLinks" name="test_affiliate_my_links_paginated" time="0.509" /><testcase classname="backend.tests.test_affiliate_reseller_ondemand.TestAffiliateOnDemandLinks" name="test_check_affiliate_product_link" time="0.488" /><testcase classname="backend.tests.test_affiliate_reseller_ondemand.TestAffiliateOnDemandLinks" name="test_check_product_without_link" time="0.426" /><testcase classname="backend.tests.test_affiliate_reseller_ondemand.TestAffiliateOnDemandLinks" name="test_old_bulk_endpoint_removed" time="0.426" /><testcase classname="backend.tests.test_affiliate_reseller_ondemand.TestResellerOnDemandLinks" name="test_reseller_me_endpoint" time="0.429" /><testcase classname="backend.tests.test_affiliate_reseller_ondemand.TestResellerOnDemandLinks" name="test_generate_reseller_link_with_margin" time="0.441" /><testcase classname="backend.tests.test_affiliate_reseller_ondemand.TestResellerOnDemandLinks" name="test_generate_reseller_link_zero_margin" time="0.432" /><testcase classname="backend.tests.test_affiliate_reseller_ondemand.TestResellerOnDemandLinks" name="test_generate_reseller_link_negative_margin_rejected" time="0.422" /><testcase classname="backend.tests.test_affiliate_reseller_ondemand.TestResellerOnDemandLinks" name="test_reseller_my_links_paginated" time="0.444" /><testcase classname="backend.tests.test_affiliate_reseller_ondemand.TestResellerOnDemandLinks" name="test_check_reseller_product_link" time="0.501" /><testcase classname="backend.tests.test_affiliate_reseller_ondemand.TestResellerOnDemandLinks" name="test_old_bulk_endpoint_removed" time="0.460" /><testcase classname="backend.tests.test_affiliate_reseller_ondemand.TestProductSearchForPartners" name="test_product_search_endpoint" time="0.104" /><testcase classname="backend.tests.test_affiliate_reseller_ondemand.TestProductSearchForPartners" name="test_product_search_empty_query" time="0.157" /><testcase classname="backend.tests.test_affiliate_reseller_ondemand.TestLinkStructureVerification" name="test_affiliate_link_structure" time="0.485" /><testcase classname="backend.tests.test_affiliate_reseller_ondemand.TestLinkStructureVerification" name="test_reseller_link_structure" time="0.419" /></testsuite></testsuites>