<?xml version="1.0" encoding="utf-8"?><testsuites name="pytest tests"><testsuite name="pytest" errors="0" failures="0" skipped="0" tests="16" time="30.836" timestamp="2026-04-08T17:13:02.854811+00:00" hostname="agent-env-99f2e04f-3bfd-49bb-a3ea-6d0fde10627b"><testcase classname="backend.tests.test_ai_kyc_verification.TestAIKYCVerification" name="test_vendor_login" time="0.525" /><testcase classname="backend.tests.test_ai_kyc_verification.TestAIKYCVerification" name="test_admin_login" time="0.343" /><testcase classname="backend.tests.test_ai_kyc_verification.TestAIKYCVerification" name="test_pan_card_upload_with_ai_verification" time="3.488" /><testcase classname="backend.tests.test_ai_kyc_verification.TestAIKYCVerification" name="test_aadhaar_front_upload_with_ai_verification" time="1.964" /><testcase classname="backend.tests.test_ai_kyc_verification.TestAIKYCVerification" name="test_aadhaar_back_upload_with_ai_verification" time="2.184" /><testcase classname="backend.tests.test_ai_kyc_verification.TestAIKYCVerification" name="test_msme_certificate_upload_with_ai_verification" time="2.768" /><testcase classname="backend.tests.test_ai_kyc_verification.TestAIKYCVerification" name="test_pdf_upload_skips_ai_verification" time="0.319" /><testcase classname="backend.tests.test_ai_kyc_verification.TestAIKYCVerification" name="test_kyc_status_returns_ai_verification" time="0.125" /><testcase classname="backend.tests.test_ai_kyc_verification.TestAIKYCVerification" name="test_admin_kyc_details_returns_ai_verification" time="0.245" /><testcase classname="backend.tests.test_ai_kyc_verification.TestAIKYCVerification" name="test_mismatch_detection_pan" time="2.592" /><testcase classname="backend.tests.test_ai_kyc_verification.TestAIKYCVerification" name="test_kyc_submit_pan_format_validation" time="0.129" /><testcase classname="backend.tests.test_ai_kyc_verification.TestAIKYCVerification" name="test_kyc_submit_aadhaar_format_validation" time="0.112" /><testcase classname="backend.tests.test_ai_kyc_verification.TestAIKYCVerification" name="test_kyc_submit_required_docs_validation" time="0.123" /><testcase classname="backend.tests.test_ai_kyc_verification.TestAIKYCVerification" name="test_bank_proof_upload_with_ai_verification" time="2.184" /><testcase classname="backend.tests.test_ai_kyc_verification.TestAIKYCVerification" name="test_gst_certificate_upload_with_ai_verification" time="2.329" /><testcase classname="backend.tests.test_ai_kyc_verification.TestAIKYCMismatchScenario" name="test_mismatch_scenario_setup_and_detect" time="11.284" /></testsuite></testsuites>