<?xml version="1.0" encoding="utf-8"?><testsuites name="pytest tests"><testsuite name="pytest" errors="0" failures="0" skipped="0" tests="16" time="4.572" timestamp="2026-04-04T13:59:19.425357+00:00" hostname="agent-env-f56038f6-863d-4b79-9dd4-9e82780a0a15"><testcase classname="backend.tests.test_bulk_upload.TestBulkUploadAuth" name="test_sample_csv_requires_auth" time="0.182" /><testcase classname="backend.tests.test_bulk_upload.TestBulkUploadAuth" name="test_preview_requires_auth" time="0.132" /><testcase classname="backend.tests.test_bulk_upload.TestBulkUploadAuth" name="test_admin_can_access_sample_csv" time="0.441" /><testcase classname="backend.tests.test_bulk_upload.TestBulkUploadAuth" name="test_product_manager_can_access_sample_csv" time="0.430" /><testcase classname="backend.tests.test_bulk_upload.TestBulkUploadAuth" name="test_vendor_can_access_sample_csv" time="0.421" /><testcase classname="backend.tests.test_bulk_upload.TestBulkUploadPreview" name="test_preview_valid_csv" time="0.449" /><testcase classname="backend.tests.test_bulk_upload.TestBulkUploadPreview" name="test_preview_missing_required_columns" time="0.104" /><testcase classname="backend.tests.test_bulk_upload.TestBulkUploadPreview" name="test_preview_empty_file" time="0.121" /><testcase classname="backend.tests.test_bulk_upload.TestBulkUploadPreview" name="test_preview_validates_required_fields" time="0.115" /><testcase classname="backend.tests.test_bulk_upload.TestBulkUploadPreview" name="test_preview_detects_duplicate_skus" time="0.104" /><testcase classname="backend.tests.test_bulk_upload.TestBulkUploadPreview" name="test_preview_parses_variants_correctly" time="0.104" /><testcase classname="backend.tests.test_bulk_upload.TestBulkUploadPublish" name="test_publish_creates_products" time="0.639" /><testcase classname="backend.tests.test_bulk_upload.TestBulkUploadPublish" name="test_publish_invalid_session_returns_404" time="0.106" /><testcase classname="backend.tests.test_bulk_upload.TestBulkUploadPublish" name="test_publish_already_published_session_returns_404" time="0.439" /><testcase classname="backend.tests.test_bulk_upload.TestBulkUploadPublish" name="test_publish_skips_invalid_rows" time="0.267" /><testcase classname="backend.tests.test_bulk_upload.TestVendorBulkUpload" name="test_vendor_can_preview" time="0.432" /></testsuite></testsuites>