<?xml version="1.0" encoding="utf-8"?><testsuites name="pytest tests"><testsuite name="pytest" errors="0" failures="0" skipped="0" tests="25" time="4.882" timestamp="2026-03-28T16:53:29.773644+00:00" hostname="agent-env-fb8a5ff2-59c5-4762-ba0c-1989fc1f03ed"><testcase classname="backend.tests.test_bundle_deals.TestPublicBundleEndpoints" name="test_get_active_bundles_returns_200" time="0.221" /><testcase classname="backend.tests.test_bundle_deals.TestPublicBundleEndpoints" name="test_active_bundles_have_required_fields" time="0.130" /><testcase classname="backend.tests.test_bundle_deals.TestPublicBundleEndpoints" name="test_active_bundles_have_populated_products" time="0.152" /><testcase classname="backend.tests.test_bundle_deals.TestPublicBundleEndpoints" name="test_bundle_pricing_calculation" time="0.112" /><testcase classname="backend.tests.test_bundle_deals.TestPublicBundleEndpoints" name="test_get_single_bundle_returns_200" time="0.235" /><testcase classname="backend.tests.test_bundle_deals.TestPublicBundleEndpoints" name="test_get_single_bundle_returns_404_for_nonexistent" time="0.112" /><testcase classname="backend.tests.test_bundle_deals.TestPublicBundleEndpoints" name="test_get_bundles_for_product_returns_200" time="0.130" /><testcase classname="backend.tests.test_bundle_deals.TestPublicBundleEndpoints" name="test_bundles_for_product_contain_product" time="0.114" /><testcase classname="backend.tests.test_bundle_deals.TestAdminBundleEndpoints" name="test_admin_get_all_bundles_requires_auth" time="0.115" /><testcase classname="backend.tests.test_bundle_deals.TestAdminBundleEndpoints" name="test_admin_get_all_bundles_with_auth" time="0.562" /><testcase classname="backend.tests.test_bundle_deals.TestAdminBundleEndpoints" name="test_admin_create_bundle_requires_auth" time="0.104" /><testcase classname="backend.tests.test_bundle_deals.TestAdminBundleEndpoints" name="test_admin_create_bundle_fails_without_name" time="0.117" /><testcase classname="backend.tests.test_bundle_deals.TestAdminBundleEndpoints" name="test_admin_create_bundle_fails_with_less_than_2_products" time="0.142" /><testcase classname="backend.tests.test_bundle_deals.TestAdminBundleEndpoints" name="test_admin_create_bundle_fails_with_percentage_over_50" time="0.133" /><testcase classname="backend.tests.test_bundle_deals.TestAdminBundleEndpoints" name="test_admin_create_bundle_success" time="0.229" /><testcase classname="backend.tests.test_bundle_deals.TestAdminBundleEndpoints" name="test_admin_create_bundle_with_flat_discount" time="0.230" /><testcase classname="backend.tests.test_bundle_deals.TestAdminBundleEndpoints" name="test_admin_update_bundle_requires_auth" time="0.158" /><testcase classname="backend.tests.test_bundle_deals.TestAdminBundleEndpoints" name="test_admin_update_bundle_success" time="0.322" /><testcase classname="backend.tests.test_bundle_deals.TestAdminBundleEndpoints" name="test_admin_toggle_bundle_active_status" time="0.472" /><testcase classname="backend.tests.test_bundle_deals.TestAdminBundleEndpoints" name="test_admin_delete_bundle_requires_auth" time="0.105" /><testcase classname="backend.tests.test_bundle_deals.TestAdminBundleEndpoints" name="test_admin_delete_bundle_success" time="0.448" /><testcase classname="backend.tests.test_bundle_deals.TestAdminBundleEndpoints" name="test_admin_delete_nonexistent_bundle_returns_404" time="0.116" /><testcase classname="backend.tests.test_bundle_deals.TestBundleDataIntegrity" name="test_existing_bundles_have_valid_products" time="0.103" /><testcase classname="backend.tests.test_bundle_deals.TestBundleDataIntegrity" name="test_bundle_discount_types_are_valid" time="0.099" /><testcase classname="backend.tests.test_bundle_deals.TestBundleDataIntegrity" name="test_percentage_discounts_within_limit" time="0.111" /></testsuite></testsuites>