<?xml version="1.0" encoding="utf-8"?><testsuites name="pytest tests"><testsuite name="pytest" errors="0" failures="0" skipped="0" tests="9" time="2.664" timestamp="2026-03-28T19:10:26.632158+00:00" hostname="agent-env-fb8a5ff2-59c5-4762-ba0c-1989fc1f03ed"><testcase classname="backend.tests.test_cart_ui_features.TestCartEndpoints" name="test_get_cart" time="0.412" /><testcase classname="backend.tests.test_cart_ui_features.TestCartEndpoints" name="test_add_to_cart" time="0.464" /><testcase classname="backend.tests.test_cart_ui_features.TestCartEndpoints" name="test_update_cart_item" time="0.426" /><testcase classname="backend.tests.test_cart_ui_features.TestCartEndpoints" name="test_remove_cart_item" time="0.506" /><testcase classname="backend.tests.test_cart_ui_features.TestCartEndpoints" name="test_upsell_suggestions" time="0.378" /><testcase classname="backend.tests.test_cart_ui_features.TestBoosterConfig" name="test_get_booster_config" time="0.106" /><testcase classname="backend.tests.test_cart_ui_features.TestProductsGrid" name="test_get_products" time="0.101" /><testcase classname="backend.tests.test_cart_ui_features.TestProductsGrid" name="test_get_featured_products" time="0.107" /><testcase classname="backend.tests.test_cart_ui_features.TestProductsGrid" name="test_get_new_arrivals" time="0.110" /></testsuite></testsuites>