<?xml version="1.0" encoding="utf-8"?><testsuites name="pytest tests"><testsuite name="pytest" errors="0" failures="0" skipped="0" tests="19" time="8.201" timestamp="2026-03-28T12:48:20.835558+00:00" hostname="agent-env-fb8a5ff2-59c5-4762-ba0c-1989fc1f03ed"><testcase classname="backend.tests.test_categories_policies.TestCategoriesPublicAPI" name="test_get_categories_returns_list" time="0.152" /><testcase classname="backend.tests.test_categories_policies.TestCategoriesPublicAPI" name="test_get_single_category" time="0.206" /><testcase classname="backend.tests.test_categories_policies.TestCategoriesAdminAPI" name="test_admin_get_all_categories" time="0.430" /><testcase classname="backend.tests.test_categories_policies.TestCategoriesAdminAPI" name="test_create_category" time="0.534" /><testcase classname="backend.tests.test_categories_policies.TestCategoriesAdminAPI" name="test_create_category_duplicate_fails" time="0.656" /><testcase classname="backend.tests.test_categories_policies.TestCategoriesAdminAPI" name="test_update_category" time="0.636" /><testcase classname="backend.tests.test_categories_policies.TestCategoriesAdminAPI" name="test_delete_category" time="0.626" /><testcase classname="backend.tests.test_categories_policies.TestCategoriesAdminAPI" name="test_create_sub_category" time="0.760" /><testcase classname="backend.tests.test_categories_policies.TestCategoriesAdminAuth" name="test_admin_endpoints_require_auth" time="0.230" /><testcase classname="backend.tests.test_categories_policies.TestCategoriesAdminAuth" name="test_customer_cannot_access_admin_endpoints" time="0.423" /><testcase classname="backend.tests.test_categories_policies.TestPoliciesPublicAPI" name="test_get_all_policies" time="0.098" /><testcase classname="backend.tests.test_categories_policies.TestPoliciesPublicAPI" name="test_get_policy_by_slug" time="0.204" /><testcase classname="backend.tests.test_categories_policies.TestPoliciesPublicAPI" name="test_nonexistent_policy_returns_404" time="0.095" /><testcase classname="backend.tests.test_categories_policies.TestPoliciesAdminAPI" name="test_admin_get_all_policies" time="0.444" /><testcase classname="backend.tests.test_categories_policies.TestPoliciesAdminAPI" name="test_create_policy" time="0.539" /><testcase classname="backend.tests.test_categories_policies.TestPoliciesAdminAPI" name="test_update_policy" time="0.635" /><testcase classname="backend.tests.test_categories_policies.TestPoliciesAdminAPI" name="test_delete_policy" time="0.633" /><testcase classname="backend.tests.test_categories_policies.TestPoliciesAdminAPI" name="test_unpublished_policy_not_visible_publicly" time="0.634" /><testcase classname="backend.tests.test_categories_policies.TestPoliciesAdminAuth" name="test_admin_endpoints_require_auth" time="0.208" /></testsuite></testsuites>