<?xml version="1.0" encoding="utf-8"?><testsuites name="pytest tests"><testsuite name="pytest" errors="0" failures="0" skipped="0" tests="21" time="6.794" timestamp="2026-03-28T15:28:48.704759+00:00" hostname="agent-env-fb8a5ff2-59c5-4762-ba0c-1989fc1f03ed"><testcase classname="backend.tests.test_checkout_cod_features.TestCheckoutSettings" name="test_get_public_checkout_settings" time="0.229" /><testcase classname="backend.tests.test_checkout_cod_features.TestCheckoutSettings" name="test_get_admin_checkout_settings_requires_auth" time="0.102" /><testcase classname="backend.tests.test_checkout_cod_features.TestCheckoutSettings" name="test_get_admin_checkout_settings_with_auth" time="0.409" /><testcase classname="backend.tests.test_checkout_cod_features.TestCheckoutSettings" name="test_update_checkout_settings_requires_admin" time="0.110" /><testcase classname="backend.tests.test_checkout_cod_features.TestCheckoutSettings" name="test_update_checkout_settings_with_admin" time="0.554" /><testcase classname="backend.tests.test_checkout_cod_features.TestPincodeValidation" name="test_validate_pincode_delhi" time="0.122" /><testcase classname="backend.tests.test_checkout_cod_features.TestPincodeValidation" name="test_validate_pincode_jaipur" time="0.128" /><testcase classname="backend.tests.test_checkout_cod_features.TestPincodeValidation" name="test_validate_pincode_mumbai" time="0.097" /><testcase classname="backend.tests.test_checkout_cod_features.TestPincodeValidation" name="test_validate_pincode_invalid_000001" time="0.115" /><testcase classname="backend.tests.test_checkout_cod_features.TestPincodeValidation" name="test_validate_pincode_invalid_alpha" time="0.236" /><testcase classname="backend.tests.test_checkout_cod_features.TestPincodeValidation" name="test_validate_pincode_short" time="0.105" /><testcase classname="backend.tests.test_checkout_cod_features.TestCODEligibility" name="test_cod_eligibility_requires_auth" time="0.140" /><testcase classname="backend.tests.test_checkout_cod_features.TestCODEligibility" name="test_cod_eligibility_with_customer_auth" time="0.406" /><testcase classname="backend.tests.test_checkout_cod_features.TestOrderCreation" name="test_create_prepaid_order" time="0.653" /><testcase classname="backend.tests.test_checkout_cod_features.TestOrderCreation" name="test_create_cod_order_with_advance" time="0.622" /><testcase classname="backend.tests.test_checkout_cod_features.TestRiskScoring" name="test_high_risk_orders_endpoint" time="0.687" /><testcase classname="backend.tests.test_checkout_cod_features.TestRiskScoring" name="test_high_risk_orders_requires_admin" time="0.691" /><testcase classname="backend.tests.test_checkout_cod_features.TestRiskActions" name="test_risk_action_invalid_action" time="0.392" /><testcase classname="backend.tests.test_checkout_cod_features.TestRiskActions" name="test_risk_action_order_not_found" time="0.389" /><testcase classname="backend.tests.test_checkout_cod_features.TestRiskActions" name="test_risk_action_requires_admin" time="0.382" /><testcase classname="backend.tests.test_checkout_cod_features.TestCODMaxOrderValue" name="test_cod_max_order_value_in_settings" time="0.125" /></testsuite></testsuites>