<?xml version="1.0" encoding="utf-8"?><testsuites name="pytest tests"><testsuite name="pytest" errors="0" failures="0" skipped="0" tests="14" time="6.025" timestamp="2026-03-26T04:15:52.231978+00:00" hostname="agent-env-fb8a5ff2-59c5-4762-ba0c-1989fc1f03ed"><testcase classname="backend.tests.test_collab_reviews.TestHealthCheck" name="test_health_endpoint" time="0.212" /><testcase classname="backend.tests.test_collab_reviews.TestInfluencerAuth" name="test_influencer_login" time="0.331" /><testcase classname="backend.tests.test_collab_reviews.TestVendorAuth" name="test_vendor_login" time="0.319" /><testcase classname="backend.tests.test_collab_reviews.TestCollaborationFlow" name="test_vendor_can_send_collab_request" time="0.452" /><testcase classname="backend.tests.test_collab_reviews.TestCollaborationFlow" name="test_vendor_can_view_sent_requests" time="0.455" /><testcase classname="backend.tests.test_collab_reviews.TestCollaborationFlow" name="test_influencer_can_view_received_requests" time="0.446" /><testcase classname="backend.tests.test_collab_reviews.TestCollaborationFlow" name="test_collab_accept_returns_vendor_contact_p0_fix" time="0.850" /><testcase classname="backend.tests.test_collab_reviews.TestCollaborationFlow" name="test_collab_reject_flow" time="0.784" /><testcase classname="backend.tests.test_collab_reviews.TestReviewsAPI" name="test_get_product_reviews_returns_stats" time="0.192" /><testcase classname="backend.tests.test_collab_reviews.TestReviewsAPI" name="test_post_review_requires_auth" time="0.096" /><testcase classname="backend.tests.test_collab_reviews.TestReviewsAPI" name="test_post_review_requires_delivered_order" time="0.600" /><testcase classname="backend.tests.test_collab_reviews.TestReviewsAPI" name="test_post_review_validates_rating_range" time="0.647" /><testcase classname="backend.tests.test_collab_reviews.TestReviewsAPI" name="test_helpful_endpoint_requires_valid_review" time="0.438" /><testcase classname="backend.tests.test_collab_reviews.TestProductsHaveRatingFields" name="test_products_have_rating_fields" time="0.097" /></testsuite></testsuites>