<?xml version="1.0" encoding="utf-8"?><testsuites name="pytest tests"><testsuite name="pytest" errors="0" failures="0" skipped="0" tests="13" time="4.253" timestamp="2026-04-09T21:41:13.006847+00:00" hostname="agent-env-2fb9cf0a-a337-4b23-b979-d6067d57fec3"><testcase classname="backend.tests.test_email_notification_prefs.TestEmailNotificationPreferences" name="test_admin_get_email_preferences" time="0.629" /><testcase classname="backend.tests.test_email_notification_prefs.TestEmailNotificationPreferences" name="test_admin_toggle_email_order_preference" time="0.492" /><testcase classname="backend.tests.test_email_notification_prefs.TestEmailNotificationPreferences" name="test_admin_toggle_email_promotion_preference" time="0.395" /><testcase classname="backend.tests.test_email_notification_prefs.TestEmailNotificationPreferences" name="test_admin_toggle_all_email_preferences" time="0.287" /><testcase classname="backend.tests.test_email_notification_prefs.TestEmailNotificationPreferences" name="test_user_get_email_preferences" time="0.459" /><testcase classname="backend.tests.test_email_notification_prefs.TestEmailNotificationPreferences" name="test_user_toggle_email_order_preference" time="0.506" /><testcase classname="backend.tests.test_email_notification_prefs.TestEmailNotificationPreferences" name="test_user_toggle_email_digest_preference" time="0.355" /><testcase classname="backend.tests.test_email_notification_prefs.TestEmailNotificationPreferences" name="test_user_toggle_multiple_email_preferences" time="0.245" /><testcase classname="backend.tests.test_email_notification_prefs.TestEmailNotificationPreferences" name="test_vendor_email_preferences_endpoint_exists" time="0.120" /><testcase classname="backend.tests.test_email_notification_prefs.TestEmailNotificationPreferences" name="test_user_email_prefs_requires_auth" time="0.252" /><testcase classname="backend.tests.test_email_notification_prefs.TestEmailNotificationPreferences" name="test_admin_email_prefs_requires_auth" time="0.222" /><testcase classname="backend.tests.test_email_notification_prefs.TestEmailNotificationPreferences" name="test_empty_body_returns_400" time="0.112" /><testcase classname="backend.tests.test_email_notification_prefs.TestEmailNotificationPreferences" name="test_invalid_pref_key_ignored" time="0.110" /></testsuite></testsuites>