<?xml version="1.0" encoding="utf-8"?><testsuites name="pytest tests"><testsuite name="pytest" errors="0" failures="0" skipped="0" tests="14" time="1.391" timestamp="2026-03-28T15:41:52.780017+00:00" hostname="agent-env-fb8a5ff2-59c5-4762-ba0c-1989fc1f03ed"><testcase classname="backend.tests.test_frequently_bought_together.TestFBTEndpointBasics" name="test_fbt_endpoint_returns_200_for_valid_product" time="0.272" /><testcase classname="backend.tests.test_frequently_bought_together.TestFBTEndpointBasics" name="test_fbt_endpoint_returns_404_for_nonexistent_product" time="0.059" /><testcase classname="backend.tests.test_frequently_bought_together.TestFBTEndpointBasics" name="test_fbt_endpoint_returns_array" time="0.063" /><testcase classname="backend.tests.test_frequently_bought_together.TestFBTResponseStructure" name="test_fbt_products_have_required_fields" time="0.063" /><testcase classname="backend.tests.test_frequently_bought_together.TestFBTResponseStructure" name="test_fbt_products_have_compare_price_field" time="0.063" /><testcase classname="backend.tests.test_frequently_bought_together.TestFBTResponseStructure" name="test_fbt_products_have_valid_price_values" time="0.062" /><testcase classname="backend.tests.test_frequently_bought_together.TestFBTLimitParameter" name="test_fbt_default_limit_is_4" time="0.061" /><testcase classname="backend.tests.test_frequently_bought_together.TestFBTLimitParameter" name="test_fbt_limit_parameter_works" time="0.057" /><testcase classname="backend.tests.test_frequently_bought_together.TestFBTLimitParameter" name="test_fbt_limit_parameter_3" time="0.056" /><testcase classname="backend.tests.test_frequently_bought_together.TestFBTExcludesSourceProduct" name="test_fbt_excludes_source_product" time="0.062" /><testcase classname="backend.tests.test_frequently_bought_together.TestFBTFallbackBehavior" name="test_fbt_returns_products_even_without_copurchase_data" time="0.108" /><testcase classname="backend.tests.test_frequently_bought_together.TestFBTWithDifferentProducts" name="test_fbt_with_multiple_products" time="0.266" /><testcase classname="backend.tests.test_frequently_bought_together.TestProductEndpointExists" name="test_product_detail_endpoint" time="0.066" /><testcase classname="backend.tests.test_frequently_bought_together.TestProductEndpointExists" name="test_products_list_endpoint" time="0.056" /></testsuite></testsuites>