<?xml version="1.0" encoding="utf-8"?><testsuites name="pytest tests"><testsuite name="pytest" errors="0" failures="0" skipped="0" tests="8" time="1.065" timestamp="2026-04-08T05:41:05.709934+00:00" hostname="agent-env-99f2e04f-3bfd-49bb-a3ea-6d0fde10627b"><testcase classname="backend.tests.test_featured_sellers.TestFeaturedSellersAPI" name="test_featured_sellers_default" time="0.247" /><testcase classname="backend.tests.test_featured_sellers.TestFeaturedSellersAPI" name="test_featured_sellers_with_products_limit" time="0.103" /><testcase classname="backend.tests.test_featured_sellers.TestFeaturedSellersAPI" name="test_featured_sellers_with_products_limit_4" time="0.113" /><testcase classname="backend.tests.test_featured_sellers.TestFeaturedSellersAPI" name="test_featured_sellers_vendor_data" time="0.101" /><testcase classname="backend.tests.test_featured_sellers.TestFeaturedSellersAPI" name="test_featured_sellers_product_images" time="0.102" /><testcase classname="backend.tests.test_featured_sellers.TestFeaturedVendorsAPI" name="test_featured_vendors_endpoint" time="0.104" /><testcase classname="backend.tests.test_featured_sellers.TestVendorCreditsPublicAPIs" name="test_pricing_endpoint" time="0.137" /><testcase classname="backend.tests.test_featured_sellers.TestVendorCreditsPublicAPIs" name="test_reels_feed_endpoint" time="0.096" /></testsuite></testsuites>