<?xml version="1.0" encoding="utf-8"?><testsuites name="pytest tests"><testsuite name="pytest" errors="0" failures="0" skipped="0" tests="14" time="3.613" timestamp="2026-03-28T17:09:48.156301+00:00" hostname="agent-env-fb8a5ff2-59c5-4762-ba0c-1989fc1f03ed"><testcase classname="backend.tests.test_flash_sales.TestFlashSalesPublicEndpoints" name="test_flash_sales_endpoint_returns_200" time="0.190" /><testcase classname="backend.tests.test_flash_sales.TestFlashSalesPublicEndpoints" name="test_flash_sales_returns_only_active_flash_bundles" time="0.140" /><testcase classname="backend.tests.test_flash_sales.TestFlashSalesPublicEndpoints" name="test_flash_sales_bundles_have_flash_fields" time="0.104" /><testcase classname="backend.tests.test_flash_sales.TestFlashSalesPublicEndpoints" name="test_bundles_endpoint_shows_flash_active_status" time="0.163" /><testcase classname="backend.tests.test_flash_sales.TestFlashSalesPublicEndpoints" name="test_single_bundle_returns_flash_fields" time="0.137" /><testcase classname="backend.tests.test_flash_sales.TestFlashSalesPricing" name="test_flash_sale_adds_extra_discount" time="0.110" /><testcase classname="backend.tests.test_flash_sales.TestFlashSalesPricing" name="test_flash_bundle_price_calculation" time="0.113" /><testcase classname="backend.tests.test_flash_sales.TestFlashSalesPricing" name="test_non_flash_bundle_has_zero_flash_discount" time="0.106" /><testcase classname="backend.tests.test_flash_sales.TestFlashSalesAdminEndpoints" name="test_admin_can_set_flash_sale_fields" time="0.690" /><testcase classname="backend.tests.test_flash_sales.TestFlashSalesAdminEndpoints" name="test_admin_can_create_bundle_with_flash_sale" time="0.227" /><testcase classname="backend.tests.test_flash_sales.TestFlashSalesAdminEndpoints" name="test_admin_can_clear_flash_sale" time="0.380" /><testcase classname="backend.tests.test_flash_sales.TestFlashSalesAdminEndpoints" name="test_flash_sale_percentage_extra_discount" time="0.302" /><testcase classname="backend.tests.test_flash_sales.TestFlashSalesEdgeCases" name="test_expired_flash_sale_not_in_flash_sales_endpoint" time="0.510" /><testcase classname="backend.tests.test_flash_sales.TestFlashSalesEdgeCases" name="test_future_flash_sale_not_active" time="0.348" /></testsuite></testsuites>