<?xml version="1.0" encoding="utf-8"?><testsuites name="pytest tests"><testsuite name="pytest" errors="0" failures="0" skipped="0" tests="8" time="1.271" timestamp="2026-03-28T18:13:34.236983+00:00" hostname="agent-env-fb8a5ff2-59c5-4762-ba0c-1989fc1f03ed"><testcase classname="backend.tests.test_header_categories.TestCategoriesAPI" name="test_get_categories_returns_200" time="0.176" /><testcase classname="backend.tests.test_header_categories.TestCategoriesAPI" name="test_categories_returns_list" time="0.129" /><testcase classname="backend.tests.test_header_categories.TestCategoriesAPI" name="test_categories_have_required_fields" time="0.147" /><testcase classname="backend.tests.test_header_categories.TestCategoriesAPI" name="test_categories_have_sub_categories_array" time="0.111" /><testcase classname="backend.tests.test_header_categories.TestCategoriesAPI" name="test_categories_show_in_nav_filter" time="0.110" /><testcase classname="backend.tests.test_header_categories.TestCategoriesAPI" name="test_categories_only_active_returned" time="0.120" /><testcase classname="backend.tests.test_header_categories.TestCategoriesAPI" name="test_get_single_category" time="0.303" /><testcase classname="backend.tests.test_header_categories.TestCategoriesAPI" name="test_get_nonexistent_category_returns_404" time="0.110" /></testsuite></testsuites>