<?xml version="1.0" encoding="utf-8"?><testsuites name="pytest tests"><testsuite name="pytest" errors="0" failures="1" skipped="0" tests="14" time="4.000" timestamp="2026-04-04T14:27:26.771545+00:00" hostname="agent-env-f56038f6-863d-4b79-9dd4-9e82780a0a15"><testcase classname="tests.test_image_pipeline.TestImageServingEndpoint" name="test_serve_existing_image_from_storage" time="0.534" /><testcase classname="tests.test_image_pipeline.TestImageServingEndpoint" name="test_serve_nonexistent_image_returns_404" time="0.802" /><testcase classname="tests.test_image_pipeline.TestImageServingEndpoint" name="test_serve_file_has_cache_headers" time="0.713"><failure message="AssertionError: Expected Cache-Control with max-age, got: no-store, no-cache, must-revalidate&#10;assert 'max-age' in 'no-store, no-cache, must-revalidate'">tests/test_image_pipeline.py:39: in test_serve_file_has_cache_headers
    assert 'max-age' in cache_control, f"Expected Cache-Control with max-age, got: {cache_control}"
E   AssertionError: Expected Cache-Control with max-age, got: no-store, no-cache, must-revalidate
E   assert 'max-age' in 'no-store, no-cache, must-revalidate'</failure></testcase><testcase classname="tests.test_image_pipeline.TestProductImagesAPI" name="test_products_endpoint_returns_images" time="0.125" /><testcase classname="tests.test_image_pipeline.TestProductImagesAPI" name="test_pigma1_product_has_old_domain_url" time="0.173" /><testcase classname="tests.test_image_pipeline.TestProductImagesAPI" name="test_product_detail_endpoint_returns_images" time="0.213" /><testcase classname="tests.test_image_pipeline.TestProductImagesAPI" name="test_best_sellers_endpoint_returns_images" time="0.102" /><testcase classname="tests.test_image_pipeline.TestProductImagesAPI" name="test_featured_products_endpoint_returns_images" time="0.141" /><testcase classname="tests.test_image_pipeline.TestProductImagesAPI" name="test_new_arrivals_endpoint_returns_images" time="0.147" /><testcase classname="tests.test_image_pipeline.TestExternalImageURLs" name="test_unsplash_images_accessible" time="0.097" /><testcase classname="tests.test_image_pipeline.TestExternalImageURLs" name="test_thepigma_images_accessible" time="0.551" /><testcase classname="tests.test_image_pipeline.TestImageUploadEndpoint" name="test_upload_image_endpoint_exists" time="0.109" /><testcase classname="tests.test_image_pipeline.TestImageUploadEndpoint" name="test_upload_image_rejects_invalid_type" time="0.100" /><testcase classname="tests.test_image_pipeline.TestCartImagesAPI" name="test_cart_endpoint_requires_auth" time="0.115" /></testsuite></testsuites>