<?xml version="1.0" encoding="utf-8"?><testsuites name="pytest tests"><testsuite name="pytest" errors="0" failures="0" skipped="0" tests="11" time="4.730" timestamp="2026-04-04T14:09:54.076219+00:00" hostname="agent-env-f56038f6-863d-4b79-9dd4-9e82780a0a15"><testcase classname="backend.tests.test_import_history_revert.TestImportHistorySessions" name="test_sessions_requires_auth" time="0.252" /><testcase classname="backend.tests.test_import_history_revert.TestImportHistorySessions" name="test_admin_can_list_sessions" time="0.541" /><testcase classname="backend.tests.test_import_history_revert.TestImportHistorySessions" name="test_sessions_returns_correct_fields" time="0.264" /><testcase classname="backend.tests.test_import_history_revert.TestImportHistorySessions" name="test_vendor_can_list_own_sessions" time="0.453" /><testcase classname="backend.tests.test_import_history_revert.TestRevertBulkUpload" name="test_revert_requires_auth" time="0.108" /><testcase classname="backend.tests.test_import_history_revert.TestRevertBulkUpload" name="test_revert_invalid_session_returns_404" time="0.509" /><testcase classname="backend.tests.test_import_history_revert.TestRevertBulkUpload" name="test_revert_preview_session_returns_404" time="0.311" /><testcase classname="backend.tests.test_import_history_revert.TestRevertBulkUpload" name="test_revert_published_session_deactivates_products" time="0.547" /><testcase classname="backend.tests.test_import_history_revert.TestRevertBulkUpload" name="test_revert_already_reverted_session_returns_404" time="0.455" /><testcase classname="backend.tests.test_import_history_revert.TestRevertBulkUpload" name="test_session_status_changes_to_reverted" time="0.546" /><testcase classname="backend.tests.test_import_history_revert.TestVendorRevert" name="test_vendor_can_revert_own_session" time="0.675" /></testsuite></testsuites>