<?xml version="1.0" encoding="utf-8"?><testsuites name="pytest tests"><testsuite name="pytest" errors="0" failures="0" skipped="0" tests="11" time="4.643" timestamp="2026-04-15T19:37:26.820556+00:00" hostname="agent-env-2fb9cf0a-a337-4b23-b979-d6067d57fec3"><testcase classname="backend.tests.test_instagram_health_dashboard.TestInstagramHealthDashboard" name="test_health_dashboard_requires_auth" time="0.666" /><testcase classname="backend.tests.test_instagram_health_dashboard.TestInstagramHealthDashboard" name="test_health_dashboard_non_influencer_returns_404" time="0.447" /><testcase classname="backend.tests.test_instagram_health_dashboard.TestInstagramHealthDashboard" name="test_health_dashboard_response_structure" time="0.446" /><testcase classname="backend.tests.test_instagram_health_dashboard.TestInstagramHealthDashboard" name="test_health_dashboard_connection_structure" time="0.433" /><testcase classname="backend.tests.test_instagram_health_dashboard.TestInstagramHealthDashboard" name="test_health_dashboard_dm_stats_structure" time="0.441" /><testcase classname="backend.tests.test_instagram_health_dashboard.TestInstagramHealthDashboard" name="test_health_dashboard_webhook_events_structure" time="0.477" /><testcase classname="backend.tests.test_instagram_health_dashboard.TestInstagramHealthDashboard" name="test_health_dashboard_automation_structure" time="0.470" /><testcase classname="backend.tests.test_instagram_health_dashboard.TestInstagramHealthDashboard" name="test_health_dashboard_data_types" time="0.429" /><testcase classname="backend.tests.test_instagram_health_dashboard.TestHealthDashboardWithAdminUser" name="test_admin_can_access_health_dashboard_if_influencer" time="0.444" /><testcase classname="backend.tests.test_instagram_health_dashboard.TestHealthDashboardEdgeCases" name="test_health_dashboard_invalid_token" time="0.149" /><testcase classname="backend.tests.test_instagram_health_dashboard.TestHealthDashboardEdgeCases" name="test_health_dashboard_malformed_auth_header" time="0.166" /></testsuite></testsuites>