<?xml version="1.0" encoding="utf-8"?><testsuites name="pytest tests"><testsuite name="pytest" errors="0" failures="0" skipped="0" tests="25" time="9.010" timestamp="2026-04-15T19:26:22.573947+00:00" hostname="agent-env-2fb9cf0a-a337-4b23-b979-d6067d57fec3"><testcase classname="backend.tests.test_instagram_graph_api_v19.TestInstagramOAuthLogin" name="test_instagram_login_returns_facebook_oauth_url" time="0.481" /><testcase classname="backend.tests.test_instagram_graph_api_v19.TestInstagramOAuthLogin" name="test_instagram_login_has_correct_client_id" time="0.466" /><testcase classname="backend.tests.test_instagram_graph_api_v19.TestInstagramOAuthLogin" name="test_instagram_login_has_correct_scopes" time="0.500" /><testcase classname="backend.tests.test_instagram_graph_api_v19.TestInstagramOAuthLogin" name="test_instagram_login_requires_auth" time="0.114" /><testcase classname="backend.tests.test_instagram_graph_api_v19.TestInstagramAuthStatus" name="test_instagram_status_returns_connection_info" time="0.471" /><testcase classname="backend.tests.test_instagram_graph_api_v19.TestInstagramAuthStatus" name="test_instagram_status_requires_auth" time="0.124" /><testcase classname="backend.tests.test_instagram_graph_api_v19.TestInstagramDisconnect" name="test_instagram_disconnect_endpoint_exists" time="0.483" /><testcase classname="backend.tests.test_instagram_graph_api_v19.TestInstagramDisconnect" name="test_instagram_disconnect_requires_auth" time="0.149" /><testcase classname="backend.tests.test_instagram_graph_api_v19.TestWebhookVerification" name="test_webhook_verification_success" time="0.107" /><testcase classname="backend.tests.test_instagram_graph_api_v19.TestWebhookVerification" name="test_webhook_verification_wrong_token_returns_403" time="0.125" /><testcase classname="backend.tests.test_instagram_graph_api_v19.TestWebhookVerification" name="test_webhook_verification_missing_mode" time="0.119" /><testcase classname="backend.tests.test_instagram_graph_api_v19.TestWebhookEventHandler" name="test_webhook_accepts_instagram_payload" time="0.128" /><testcase classname="backend.tests.test_instagram_graph_api_v19.TestWebhookEventHandler" name="test_webhook_ignores_non_instagram_payload" time="0.096" /><testcase classname="backend.tests.test_instagram_graph_api_v19.TestWebhookEventHandler" name="test_webhook_accepts_page_payload" time="0.118" /><testcase classname="backend.tests.test_instagram_graph_api_v19.TestWebhookEventHandler" name="test_webhook_rejects_invalid_json" time="0.117" /><testcase classname="backend.tests.test_instagram_graph_api_v19.TestInfluencerInstagramConnect" name="test_influencer_connect_requires_auth" time="0.114" /><testcase classname="backend.tests.test_instagram_graph_api_v19.TestInfluencerInstagramConnect" name="test_influencer_connect_returns_facebook_oauth_url" time="0.473" /><testcase classname="backend.tests.test_instagram_graph_api_v19.TestAdminInstagramStatus" name="test_admin_instagram_status_returns_info" time="0.874" /><testcase classname="backend.tests.test_instagram_graph_api_v19.TestAdminInstagramStatus" name="test_admin_instagram_status_requires_admin_auth" time="0.381" /><testcase classname="backend.tests.test_instagram_graph_api_v19.TestAdminDMConfig" name="test_get_dm_config" time="0.851" /><testcase classname="backend.tests.test_instagram_graph_api_v19.TestAdminDMConfig" name="test_update_dm_config" time="1.132" /><testcase classname="backend.tests.test_instagram_graph_api_v19.TestAdminDMConfig" name="test_dm_config_requires_admin_for_update" time="0.344" /><testcase classname="backend.tests.test_instagram_graph_api_v19.TestDeauthorizeCallback" name="test_deauthorize_accepts_payload" time="0.349" /><testcase classname="backend.tests.test_instagram_graph_api_v19.TestDeauthorizeCallback" name="test_deauthorize_handles_empty_payload" time="0.308" /><testcase classname="backend.tests.test_instagram_graph_api_v19.TestCallbackErrorCases" name="test_callback_with_invalid_state" time="0.498" /></testsuite></testsuites>