<?xml version="1.0" encoding="utf-8"?><testsuites name="pytest tests"><testsuite name="pytest" errors="0" failures="0" skipped="0" tests="10" time="7.842" timestamp="2026-04-15T19:50:13.296308+00:00" hostname="agent-env-2fb9cf0a-a337-4b23-b979-d6067d57fec3"><testcase classname="backend.tests.test_instagram_token_refresh.TestAdminTokenRefreshEndpoints" name="test_refresh_tokens_requires_auth" time="1.038" /><testcase classname="backend.tests.test_instagram_token_refresh.TestAdminTokenRefreshEndpoints" name="test_refresh_tokens_rejects_customer_auth" time="0.803" /><testcase classname="backend.tests.test_instagram_token_refresh.TestAdminTokenRefreshEndpoints" name="test_refresh_tokens_success_with_admin_auth" time="0.880" /><testcase classname="backend.tests.test_instagram_token_refresh.TestAdminTokenRefreshEndpoints" name="test_refresh_logs_requires_auth" time="0.808" /><testcase classname="backend.tests.test_instagram_token_refresh.TestAdminTokenRefreshEndpoints" name="test_refresh_logs_rejects_customer_auth" time="0.793" /><testcase classname="backend.tests.test_instagram_token_refresh.TestAdminTokenRefreshEndpoints" name="test_refresh_logs_success_with_admin_auth" time="0.868" /><testcase classname="backend.tests.test_instagram_token_refresh.TestAdminTokenRefreshEndpoints" name="test_refresh_logs_limit_parameter" time="0.817" /><testcase classname="backend.tests.test_instagram_token_refresh.TestHealthDashboardAutoRefreshFields" name="test_health_dashboard_has_auto_refresh_fields" time="0.474" /><testcase classname="backend.tests.test_instagram_token_refresh.TestTokenRefreshIntegration" name="test_manual_refresh_creates_log" time="0.703" /><testcase classname="backend.tests.test_instagram_token_refresh.TestTokenRefreshIntegration" name="test_refresh_response_matches_log" time="0.588" /></testsuite></testsuites>