<?xml version="1.0" encoding="utf-8"?><testsuites name="pytest tests"><testsuite name="pytest" errors="0" failures="1" skipped="0" tests="12" time="1.454" timestamp="2026-04-05T09:05:26.706395+00:00" hostname="agent-env-f56038f6-863d-4b79-9dd4-9e82780a0a15"><testcase classname="backend.tests.test_product_images_filter.TestProductImageFiltering" name="test_get_products_filters_empty_images" time="0.134" /><testcase classname="backend.tests.test_product_images_filter.TestProductImageFiltering" name="test_get_featured_products_filters_empty_images" time="0.097" /><testcase classname="backend.tests.test_product_images_filter.TestProductImageFiltering" name="test_get_new_arrivals_filters_empty_images" time="0.114" /><testcase classname="backend.tests.test_product_images_filter.TestProductImageFiltering" name="test_get_best_sellers_filters_empty_images" time="0.106" /><testcase classname="backend.tests.test_product_images_filter.TestProductImageFiltering" name="test_upsell_suggestions_filters_empty_images" time="0.104" /><testcase classname="backend.tests.test_product_images_filter.TestProductImageFiltering" name="test_no_example_com_urls_in_products" time="0.103"><failure message="AssertionError: Product TEST Product Name has invalid example.com URL: https://example.com/product.jpg&#10;assert 'example.com' not in 'https://exa.../product.jpg'&#10;  &#10;  'example.com' is contained here:&#10;    https://example.com/product.jpg&#10;  ?         +++++++++++">backend/tests/test_product_images_filter.py:98: in test_no_example_com_urls_in_products
    assert "example.com" not in img_url.lower(), \
E   AssertionError: Product TEST Product Name has invalid example.com URL: https://example.com/product.jpg
E   assert 'example.com' not in 'https://exa.../product.jpg'
E     
E     'example.com' is contained here:
E       https://example.com/product.jpg
E     ?         +++++++++++</failure></testcase><testcase classname="backend.tests.test_product_images_filter.TestProductImageFiltering" name="test_products_have_valid_image_urls" time="0.098" /><testcase classname="backend.tests.test_product_images_filter.TestKnownBadProductsFiltered" name="test_valid_product_not_in_listing" time="0.101" /><testcase classname="backend.tests.test_product_images_filter.TestKnownBadProductsFiltered" name="test_test_products_not_in_listing" time="0.102" /><testcase classname="backend.tests.test_product_images_filter.TestFrequentlyBoughtTogether" name="test_fbt_filters_empty_images" time="0.213" /><testcase classname="backend.tests.test_product_images_filter.TestPromotedProducts" name="test_promoted_top_20_filters_empty_images" time="0.098" /><testcase classname="backend.tests.test_product_images_filter.TestPromotedProducts" name="test_promoted_top_100_filters_empty_images" time="0.108" /></testsuite></testsuites>