<?xml version="1.0" encoding="utf-8"?><testsuites name="pytest tests"><testsuite name="pytest" errors="0" failures="0" skipped="0" tests="15" time="2.040" timestamp="2026-04-05T08:35:37.670918+00:00" hostname="agent-env-f56038f6-863d-4b79-9dd4-9e82780a0a15"><testcase classname="backend.tests.test_booster_cart_fixes.TestBoosterConfig" name="test_booster_config_returns_200" time="0.143" /><testcase classname="backend.tests.test_booster_cart_fixes.TestBoosterConfig" name="test_booster_config_has_slabs_array" time="0.107" /><testcase classname="backend.tests.test_booster_cart_fixes.TestBoosterConfig" name="test_booster_config_has_messages" time="0.100" /><testcase classname="backend.tests.test_booster_cart_fixes.TestBoosterConfig" name="test_slab_has_correct_field_names" time="0.104" /><testcase classname="backend.tests.test_booster_cart_fixes.TestBoosterConfig" name="test_slabs_are_sorted_by_min_cart_value" time="0.112" /><testcase classname="backend.tests.test_booster_cart_fixes.TestBoosterConfig" name="test_expected_slabs_present" time="0.101" /><testcase classname="backend.tests.test_booster_cart_fixes.TestUpsellSuggestionsNoAuth" name="test_upsell_returns_200_without_auth" time="0.101" /><testcase classname="backend.tests.test_booster_cart_fixes.TestUpsellSuggestionsNoAuth" name="test_upsell_returns_products_array" time="0.107" /><testcase classname="backend.tests.test_booster_cart_fixes.TestUpsellSuggestionsNoAuth" name="test_upsell_products_have_required_fields" time="0.094" /><testcase classname="backend.tests.test_booster_cart_fixes.TestUpsellSuggestionsNoAuth" name="test_upsell_with_max_price_filter" time="0.106" /><testcase classname="backend.tests.test_booster_cart_fixes.TestUpsellSuggestionsNoAuth" name="test_upsell_with_auth_also_works" time="0.420" /><testcase classname="backend.tests.test_booster_cart_fixes.TestBoosterMessages" name="test_messages_in_config_response" time="0.139" /><testcase classname="backend.tests.test_booster_cart_fixes.TestBoosterMessages" name="test_admin_messages_requires_auth" time="0.110" /><testcase classname="backend.tests.test_booster_cart_fixes.TestSlabDiscountCalculation" name="test_slab_reward_types" time="0.136" /><testcase classname="backend.tests.test_booster_cart_fixes.TestSlabDiscountCalculation" name="test_slab_reward_values_positive" time="0.096" /></testsuite></testsuites>