<?xml version="1.0" encoding="utf-8"?><testsuites name="pytest tests"><testsuite name="pytest" errors="0" failures="0" skipped="0" tests="16" time="3.601" timestamp="2026-04-04T16:37:34.620609+00:00" hostname="agent-env-f56038f6-863d-4b79-9dd4-9e82780a0a15"><testcase classname="backend.tests.test_iteration43_features.TestFOMONotificationAPI" name="test_get_fomo_notification_public" time="0.589" /><testcase classname="backend.tests.test_iteration43_features.TestFOMONotificationAPI" name="test_get_fomo_settings_admin" time="0.103" /><testcase classname="backend.tests.test_iteration43_features.TestFOMONotificationAPI" name="test_update_fomo_settings" time="0.105" /><testcase classname="backend.tests.test_iteration43_features.TestFOMONotificationAPI" name="test_add_fomo_message" time="0.107" /><testcase classname="backend.tests.test_iteration43_features.TestFOMONotificationAPI" name="test_delete_fomo_message" time="0.223" /><testcase classname="backend.tests.test_iteration43_features.TestDummyReviewsAPI" name="test_create_dummy_review" time="0.461" /><testcase classname="backend.tests.test_iteration43_features.TestDummyReviewsAPI" name="test_list_dummy_reviews" time="0.124" /><testcase classname="backend.tests.test_iteration43_features.TestDummyReviewsAPI" name="test_delete_dummy_review" time="0.237" /><testcase classname="backend.tests.test_iteration43_features.TestVendorCreditsAPI" name="test_get_wallet" time="0.455" /><testcase classname="backend.tests.test_iteration43_features.TestVendorCreditsAPI" name="test_purchase_credits" time="0.128" /><testcase classname="backend.tests.test_iteration43_features.TestVendorCreditsAPI" name="test_get_transactions" time="0.108" /><testcase classname="backend.tests.test_iteration43_features.TestVendorCreditsAPI" name="test_get_promotions" time="0.102" /><testcase classname="backend.tests.test_iteration43_features.TestVendorCreditsAPI" name="test_get_upsell_products_public" time="0.130" /><testcase classname="backend.tests.test_iteration43_features.TestGuestCartAPI" name="test_cart_upsell_suggestions_no_auth" time="0.103" /><testcase classname="backend.tests.test_iteration43_features.TestGuestCartAPI" name="test_products_endpoint_public" time="0.114" /><testcase classname="backend.tests.test_iteration43_features.TestAdminReviewModeration" name="test_get_reviews_for_moderation" time="0.440" /></testsuite></testsuites>