<?xml version="1.0" encoding="utf-8"?><testsuites name="pytest tests"><testsuite name="pytest" errors="0" failures="0" skipped="0" tests="16" time="4.430" timestamp="2026-04-05T10:46:39.223094+00:00" hostname="agent-env-f56038f6-863d-4b79-9dd4-9e82780a0a15"><testcase classname="backend.tests.test_bulk_upload.TestBulkUploadAuth" name="test_sample_csv_requires_auth" time="0.213" /><testcase classname="backend.tests.test_bulk_upload.TestBulkUploadAuth" name="test_preview_requires_auth" time="0.129" /><testcase classname="backend.tests.test_bulk_upload.TestBulkUploadAuth" name="test_admin_can_access_sample_csv" time="0.452" /><testcase classname="backend.tests.test_bulk_upload.TestBulkUploadAuth" name="test_product_manager_can_access_sample_csv" time="0.435" /><testcase classname="backend.tests.test_bulk_upload.TestBulkUploadAuth" name="test_vendor_can_access_sample_csv" time="0.468" /><testcase classname="backend.tests.test_bulk_upload.TestBulkUploadPreview" name="test_preview_valid_csv" time="0.423" /><testcase classname="backend.tests.test_bulk_upload.TestBulkUploadPreview" name="test_preview_missing_required_columns" time="0.097" /><testcase classname="backend.tests.test_bulk_upload.TestBulkUploadPreview" name="test_preview_empty_file" time="0.102" /><testcase classname="backend.tests.test_bulk_upload.TestBulkUploadPreview" name="test_preview_validates_required_fields" time="0.099" /><testcase classname="backend.tests.test_bulk_upload.TestBulkUploadPreview" name="test_preview_detects_duplicate_skus" time="0.099" /><testcase classname="backend.tests.test_bulk_upload.TestBulkUploadPreview" name="test_preview_parses_variants_correctly" time="0.109" /><testcase classname="backend.tests.test_bulk_upload.TestBulkUploadPublish" name="test_publish_creates_products" time="0.634" /><testcase classname="backend.tests.test_bulk_upload.TestBulkUploadPublish" name="test_publish_invalid_session_returns_404" time="0.108" /><testcase classname="backend.tests.test_bulk_upload.TestBulkUploadPublish" name="test_publish_already_published_session_returns_404" time="0.310" /><testcase classname="backend.tests.test_bulk_upload.TestBulkUploadPublish" name="test_publish_skips_invalid_rows" time="0.231" /><testcase classname="backend.tests.test_bulk_upload.TestVendorBulkUpload" name="test_vendor_can_preview" time="0.426" /></testsuite></testsuites>