<?xml version="1.0" encoding="utf-8"?><testsuites name="pytest tests"><testsuite name="pytest" errors="0" failures="0" skipped="0" tests="12" time="3.989" timestamp="2026-04-04T18:35:00.415702+00:00" hostname="agent-env-f56038f6-863d-4b79-9dd4-9e82780a0a15"><testcase classname="backend.tests.test_iteration44_whatsapp_support.TestWhatsAppWebhookAutoTicket" name="test_webhook_creates_ticket_from_message" time="0.196" /><testcase classname="backend.tests.test_iteration44_whatsapp_support.TestWhatsAppWebhookAutoTicket" name="test_webhook_cod_confirmation_no_ticket" time="0.108" /><testcase classname="backend.tests.test_iteration44_whatsapp_support.TestWhatsAppWebhookAutoTicket" name="test_webhook_duplicate_message_appends" time="0.219" /><testcase classname="backend.tests.test_iteration44_whatsapp_support.TestAdminTicketPanel" name="test_admin_can_list_tickets" time="0.489" /><testcase classname="backend.tests.test_iteration44_whatsapp_support.TestAdminTicketPanel" name="test_admin_ticket_analytics" time="0.446" /><testcase classname="backend.tests.test_iteration44_whatsapp_support.TestSupportTicketEndpoints" name="test_get_ticket_categories" time="0.459" /><testcase classname="backend.tests.test_iteration44_whatsapp_support.TestSupportTicketEndpoints" name="test_get_my_tickets" time="0.456" /><testcase classname="backend.tests.test_iteration44_whatsapp_support.TestVendorSupportEndpoints" name="test_vendor_get_tickets" time="0.433" /><testcase classname="backend.tests.test_iteration44_whatsapp_support.TestGuestAccess" name="test_support_page_accessible_without_auth" time="0.111" /><testcase classname="backend.tests.test_iteration44_whatsapp_support.TestGuestAccess" name="test_products_accessible_without_auth" time="0.116" /><testcase classname="backend.tests.test_iteration44_whatsapp_support.TestWhatsAppSettings" name="test_get_whatsapp_settings" time="0.438" /><testcase classname="backend.tests.test_iteration44_whatsapp_support.TestWhatsAppSettings" name="test_get_whatsapp_stats" time="0.451" /></testsuite></testsuites>