<?xml version="1.0" encoding="utf-8"?><testsuites name="pytest tests"><testsuite name="pytest" errors="0" failures="0" skipped="0" tests="22" time="4.180" timestamp="2026-03-27T14:13:26.669975+00:00" hostname="agent-env-fb8a5ff2-59c5-4762-ba0c-1989fc1f03ed"><testcase classname="backend.tests.test_iteration15_site_settings.TestHealthCheck" name="test_api_health" time="0.147" /><testcase classname="backend.tests.test_iteration15_site_settings.TestAdminAuth" name="test_admin_login_success" time="0.349" /><testcase classname="backend.tests.test_iteration15_site_settings.TestHeroVideoManagement" name="test_get_hero_video_public" time="0.108" /><testcase classname="backend.tests.test_iteration15_site_settings.TestHeroVideoManagement" name="test_update_hero_video_url" time="0.578" /><testcase classname="backend.tests.test_iteration15_site_settings.TestHeroVideoManagement" name="test_update_hero_video_requires_auth" time="0.322" /><testcase classname="backend.tests.test_iteration15_site_settings.TestReferralTiers" name="test_get_referral_tiers" time="0.139" /><testcase classname="backend.tests.test_iteration15_site_settings.TestReferralTiers" name="test_update_referral_tiers" time="0.279" /><testcase classname="backend.tests.test_iteration15_site_settings.TestReferralTiers" name="test_get_referral_tiers_report" time="0.100" /><testcase classname="backend.tests.test_iteration15_site_settings.TestReferralTiers" name="test_referral_tiers_requires_auth" time="0.148" /><testcase classname="backend.tests.test_iteration15_site_settings.TestInstagramDM" name="test_get_instagram_config" time="0.118" /><testcase classname="backend.tests.test_iteration15_site_settings.TestInstagramDM" name="test_add_dm_rule" time="0.103" /><testcase classname="backend.tests.test_iteration15_site_settings.TestInstagramDM" name="test_test_dm_send" time="0.131" /><testcase classname="backend.tests.test_iteration15_site_settings.TestInstagramDM" name="test_delete_dm_rule" time="0.334" /><testcase classname="backend.tests.test_iteration15_site_settings.TestInstagramDM" name="test_instagram_config_requires_auth" time="0.110" /><testcase classname="backend.tests.test_iteration15_site_settings.TestWhatsAppReminders" name="test_get_whatsapp_config" time="0.121" /><testcase classname="backend.tests.test_iteration15_site_settings.TestWhatsAppReminders" name="test_update_whatsapp_config" time="0.211" /><testcase classname="backend.tests.test_iteration15_site_settings.TestWhatsAppReminders" name="test_connect_whatsapp" time="0.113" /><testcase classname="backend.tests.test_iteration15_site_settings.TestWhatsAppReminders" name="test_test_cart_reminder" time="0.138" /><testcase classname="backend.tests.test_iteration15_site_settings.TestWhatsAppReminders" name="test_whatsapp_config_requires_auth" time="0.126" /><testcase classname="backend.tests.test_iteration15_site_settings.TestTrackingPixels" name="test_get_tracking_pixels_public" time="0.104" /><testcase classname="backend.tests.test_iteration15_site_settings.TestCleanup" name="test_cleanup_test_rules" time="0.204" /><testcase classname="backend.tests.test_iteration15_site_settings.TestCleanup" name="test_restore_default_hero_video" time="0.113" /></testsuite></testsuites>