<?xml version="1.0" encoding="utf-8"?><testsuites name="pytest tests"><testsuite name="pytest" errors="0" failures="0" skipped="0" tests="20" time="7.174" timestamp="2026-03-26T10:18:28.292263+00:00" hostname="agent-env-fb8a5ff2-59c5-4762-ba0c-1989fc1f03ed"><testcase classname="backend.tests.test_iteration13_features.TestAPIHealth" name="test_api_accessible" time="0.123" /><testcase classname="backend.tests.test_iteration13_features.TestTopVendorsHeroSection" name="test_top_sellers_endpoint" time="0.095" /><testcase classname="backend.tests.test_iteration13_features.TestChatWidgetTicketSystem" name="test_ticket_creation_requires_auth" time="0.100" /><testcase classname="backend.tests.test_iteration13_features.TestChatWidgetTicketSystem" name="test_ticket_creation_with_auth" time="0.431" /><testcase classname="backend.tests.test_iteration13_features.TestChatWidgetTicketSystem" name="test_get_user_tickets" time="0.436" /><testcase classname="backend.tests.test_iteration13_features.TestChatWidgetTicketSystem" name="test_ai_chat_endpoint" time="0.096" /><testcase classname="backend.tests.test_iteration13_features.TestVendorCreditSystem" name="test_get_vendor_credits" time="0.610" /><testcase classname="backend.tests.test_iteration13_features.TestVendorCreditSystem" name="test_create_credit_order_mocked" time="0.431" /><testcase classname="backend.tests.test_iteration13_features.TestVendorCreditSystem" name="test_create_credit_order_minimum" time="0.438" /><testcase classname="backend.tests.test_iteration13_features.TestVendorCreditSystem" name="test_get_credit_transactions" time="0.417" /><testcase classname="backend.tests.test_iteration13_features.TestVendorPromoteProduct" name="test_promote_product_invalid_type" time="0.434" /><testcase classname="backend.tests.test_iteration13_features.TestVendorPromoteProduct" name="test_promote_product_not_found" time="0.423" /><testcase classname="backend.tests.test_iteration13_features.TestVendorPromoteProduct" name="test_get_my_promotions" time="0.420" /><testcase classname="backend.tests.test_iteration13_features.TestAdminMarketingTabRBAC" name="test_superadmin_login" time="0.332" /><testcase classname="backend.tests.test_iteration13_features.TestAdminMarketingTabRBAC" name="test_superadmin_can_access_coupons" time="0.448" /><testcase classname="backend.tests.test_iteration13_features.TestAdminMarketingTabRBAC" name="test_superadmin_can_access_commission_settings" time="0.454" /><testcase classname="backend.tests.test_iteration13_features.TestAdminMarketingTabRBAC" name="test_marketing_manager_login" time="0.321" /><testcase classname="backend.tests.test_iteration13_features.TestAdminMarketingTabRBAC" name="test_vendor_cannot_access_admin_coupons" time="0.435" /><testcase classname="backend.tests.test_iteration13_features.TestVendorLogin" name="test_vendor_login" time="0.323" /><testcase classname="backend.tests.test_iteration13_features.TestCustomerLogin" name="test_customer_login" time="0.324" /></testsuite></testsuites>