<?xml version="1.0" encoding="utf-8"?><testsuites name="pytest tests"><testsuite name="pytest" errors="0" failures="0" skipped="0" tests="16" time="5.868" timestamp="2026-03-26T10:29:52.600252+00:00" hostname="agent-env-fb8a5ff2-59c5-4762-ba0c-1989fc1f03ed"><testcase classname="backend.tests.test_iteration14_analytics.TestHealthAndBasics" name="test_api_health" time="0.143" /><testcase classname="backend.tests.test_iteration14_analytics.TestVendorAnalytics" name="test_analytics_overview_endpoint_exists" time="0.426" /><testcase classname="backend.tests.test_iteration14_analytics.TestVendorAnalytics" name="test_analytics_overview_has_summary" time="0.436" /><testcase classname="backend.tests.test_iteration14_analytics.TestVendorAnalytics" name="test_analytics_overview_has_sales_trend" time="0.446" /><testcase classname="backend.tests.test_iteration14_analytics.TestVendorAnalytics" name="test_analytics_overview_has_top_products" time="0.443" /><testcase classname="backend.tests.test_iteration14_analytics.TestVendorAnalytics" name="test_analytics_overview_has_credit_usage" time="0.451" /><testcase classname="backend.tests.test_iteration14_analytics.TestVendorAnalytics" name="test_analytics_overview_has_recent_transactions" time="0.415" /><testcase classname="backend.tests.test_iteration14_analytics.TestVendorAnalytics" name="test_analytics_requires_auth" time="0.463" /><testcase classname="backend.tests.test_iteration14_analytics.TestPreviousFeaturesStillWork" name="test_vendor_login" time="0.331" /><testcase classname="backend.tests.test_iteration14_analytics.TestPreviousFeaturesStillWork" name="test_vendor_dashboard" time="0.417" /><testcase classname="backend.tests.test_iteration14_analytics.TestPreviousFeaturesStillWork" name="test_vendor_credits_endpoint" time="0.422" /><testcase classname="backend.tests.test_iteration14_analytics.TestPreviousFeaturesStillWork" name="test_top_sellers_endpoint" time="0.104" /><testcase classname="backend.tests.test_iteration14_analytics.TestPreviousFeaturesStillWork" name="test_chat_endpoint" time="0.112" /><testcase classname="backend.tests.test_iteration14_analytics.TestPreviousFeaturesStillWork" name="test_admin_login" time="0.319" /><testcase classname="backend.tests.test_iteration14_analytics.TestVendorPromotionsIntegration" name="test_credit_transactions_endpoint" time="0.443" /><testcase classname="backend.tests.test_iteration14_analytics.TestVendorPromotionsIntegration" name="test_my_promotions_endpoint" time="0.421" /></testsuite></testsuites>