<?xml version="1.0" encoding="utf-8"?><testsuites name="pytest tests"><testsuite name="pytest" errors="0" failures="0" skipped="0" tests="13" time="3.860" timestamp="2026-03-27T14:41:35.970153+00:00" hostname="agent-env-fb8a5ff2-59c5-4762-ba0c-1989fc1f03ed"><testcase classname="backend.tests.test_iteration16_cart_booster.TestCartBoosterBackend" name="test_health_check" time="0.131" /><testcase classname="backend.tests.test_iteration16_cart_booster.TestCartBoosterBackend" name="test_customer_login" time="0.343" /><testcase classname="backend.tests.test_iteration16_cart_booster.TestCartBoosterBackend" name="test_get_cart" time="0.117" /><testcase classname="backend.tests.test_iteration16_cart_booster.TestCartBoosterBackend" name="test_cart_has_item_with_product_details" time="0.126" /><testcase classname="backend.tests.test_iteration16_cart_booster.TestCartBoosterBackend" name="test_upsell_suggestions_endpoint" time="0.111" /><testcase classname="backend.tests.test_iteration16_cart_booster.TestCartBoosterBackend" name="test_upsell_excludes_cart_items" time="0.211" /><testcase classname="backend.tests.test_iteration16_cart_booster.TestCartBoosterBackend" name="test_cart_update_quantity" time="0.368" /><testcase classname="backend.tests.test_iteration16_cart_booster.TestCartBoosterBackend" name="test_cart_total_calculation" time="0.117" /><testcase classname="backend.tests.test_iteration16_cart_booster.TestCartBoosterBackend" name="test_products_exist_for_upsell" time="0.491" /><testcase classname="backend.tests.test_iteration16_cart_booster.TestCartBoosterBackend" name="test_upsell_with_different_max_prices" time="0.438" /><testcase classname="backend.tests.test_iteration16_cart_booster.TestCartClearAndAdd" name="test_clear_cart" time="0.577" /><testcase classname="backend.tests.test_iteration16_cart_booster.TestCartClearAndAdd" name="test_add_item_to_cart" time="0.398" /><testcase classname="backend.tests.test_iteration16_cart_booster.TestCartClearAndAdd" name="test_restore_original_cart_item" time="0.375" /></testsuite></testsuites>