<?xml version="1.0" encoding="utf-8"?><testsuites name="pytest tests"><testsuite name="pytest" errors="0" failures="0" skipped="0" tests="17" time="4.352" timestamp="2026-03-26T09:02:27.191268+00:00" hostname="agent-env-fb8a5ff2-59c5-4762-ba0c-1989fc1f03ed"><testcase classname="backend.tests.test_iteration12_features.TestReturnReasons" name="test_get_return_reasons" time="0.204" /><testcase classname="backend.tests.test_iteration12_features.TestAdminAuth" name="test_superadmin_login" time="0.356" /><testcase classname="backend.tests.test_iteration12_features.TestAdminAuth" name="test_sales_manager_login" time="0.336" /><testcase classname="backend.tests.test_iteration12_features.TestVendorAuth" name="test_vendor_login" time="0.342" /><testcase classname="backend.tests.test_iteration12_features.TestCustomerAuth" name="test_customer_login" time="0.322" /><testcase classname="backend.tests.test_iteration12_features.TestUserReturns" name="test_get_my_returns" time="0.427" /><testcase classname="backend.tests.test_iteration12_features.TestUserReturns" name="test_create_return_requires_valid_order" time="0.106" /><testcase classname="backend.tests.test_iteration12_features.TestVendorReturns" name="test_vendor_get_returns" time="0.467" /><testcase classname="backend.tests.test_iteration12_features.TestVendorReturns" name="test_vendor_get_returns_with_status_filter" time="0.107" /><testcase classname="backend.tests.test_iteration12_features.TestVendorReturns" name="test_vendor_approve_return_requires_valid_id" time="0.104" /><testcase classname="backend.tests.test_iteration12_features.TestVendorReturns" name="test_vendor_reject_return_requires_valid_id" time="0.112" /><testcase classname="backend.tests.test_iteration12_features.TestAdminReturns" name="test_admin_get_returns_with_stats" time="0.437" /><testcase classname="backend.tests.test_iteration12_features.TestAdminReturns" name="test_admin_override_return_requires_valid_id" time="0.138" /><testcase classname="backend.tests.test_iteration12_features.TestAdminReturns" name="test_admin_add_message_requires_valid_id" time="0.107" /><testcase classname="backend.tests.test_iteration12_features.TestMarketingPixelSettings" name="test_get_commission_settings_includes_pixels" time="0.106" /><testcase classname="backend.tests.test_iteration12_features.TestMarketingPixelSettings" name="test_update_pixel_settings" time="0.491" /><testcase classname="backend.tests.test_iteration12_features.TestCreatorPageRoute" name="test_api_health" time="0.114" /></testsuite></testsuites>