<?xml version="1.0" encoding="utf-8"?><testsuites name="pytest tests"><testsuite name="pytest" errors="0" failures="0" skipped="0" tests="13" time="3.490" timestamp="2026-03-26T08:41:48.799180+00:00" hostname="agent-env-fb8a5ff2-59c5-4762-ba0c-1989fc1f03ed"><testcase classname="backend.tests.test_iteration11_features.TestUnreadTicketCount" name="test_unread_count_returns_count" time="0.508" /><testcase classname="backend.tests.test_iteration11_features.TestUnreadTicketCount" name="test_unread_count_requires_auth" time="0.103" /><testcase classname="backend.tests.test_iteration11_features.TestVendorWalletTopup" name="test_wallet_topup_success" time="0.559" /><testcase classname="backend.tests.test_iteration11_features.TestVendorWalletTopup" name="test_wallet_topup_minimum_amount" time="0.103" /><testcase classname="backend.tests.test_iteration11_features.TestVendorWalletTopup" name="test_wallet_balance_endpoint" time="0.095" /><testcase classname="backend.tests.test_iteration11_features.TestRewardCampaigns" name="test_create_reward_campaign" time="0.474" /><testcase classname="backend.tests.test_iteration11_features.TestRewardCampaigns" name="test_list_reward_campaigns" time="0.095" /><testcase classname="backend.tests.test_iteration11_features.TestRewardCampaigns" name="test_tag_user_to_campaign" time="0.103" /><testcase classname="backend.tests.test_iteration11_features.TestRewardCampaigns" name="test_deactivate_campaign" time="0.096" /><testcase classname="backend.tests.test_iteration11_features.TestFeaturedVendors" name="test_get_featured_vendors" time="0.438" /><testcase classname="backend.tests.test_iteration11_features.TestFeaturedVendors" name="test_feature_vendor" time="0.205" /><testcase classname="backend.tests.test_iteration11_features.TestFeaturedVendors" name="test_unfeature_vendor" time="0.235" /><testcase classname="backend.tests.test_iteration11_features.TestVendorUnreadTickets" name="test_vendor_unread_count" time="0.410" /></testsuite></testsuites>