<?xml version="1.0" encoding="utf-8"?><testsuites name="pytest tests"><testsuite name="pytest" errors="0" failures="0" skipped="0" tests="10" time="5.949" timestamp="2026-04-05T12:59:26.298787+00:00" hostname="agent-env-f56038f6-863d-4b79-9dd4-9e82780a0a15"><testcase classname="backend.tests.test_cart_merge_flow.TestCartMergeFlow" name="test_auth_register_endpoint" time="0.879" /><testcase classname="backend.tests.test_cart_merge_flow.TestCartMergeFlow" name="test_auth_login_endpoint" time="1.196" /><testcase classname="backend.tests.test_cart_merge_flow.TestCartMergeFlow" name="test_cart_add_endpoint_requires_auth" time="0.246" /><testcase classname="backend.tests.test_cart_merge_flow.TestCartMergeFlow" name="test_cart_add_with_auth" time="0.550" /><testcase classname="backend.tests.test_cart_merge_flow.TestCartMergeFlow" name="test_cart_add_increments_quantity_for_duplicate" time="0.636" /><testcase classname="backend.tests.test_cart_merge_flow.TestCartMergeFlow" name="test_cart_get_endpoint" time="0.451" /><testcase classname="backend.tests.test_cart_merge_flow.TestCartMergeFlow" name="test_cart_clear_endpoint" time="0.813" /><testcase classname="backend.tests.test_cart_merge_flow.TestCartMergeFlow" name="test_cart_merge_simulation" time="0.912" /><testcase classname="backend.tests.test_cart_merge_flow.TestCheckoutFlow" name="test_checkout_settings_endpoint" time="0.102" /><testcase classname="backend.tests.test_cart_merge_flow.TestCheckoutFlow" name="test_checkout_requires_auth" time="0.096" /></testsuite></testsuites>