<?xml version="1.0" encoding="utf-8"?><testsuites name="pytest tests"><testsuite name="pytest" errors="0" failures="0" skipped="0" tests="13" time="8.821" timestamp="2026-03-27T16:04:48.533856+00:00" hostname="agent-env-fb8a5ff2-59c5-4762-ba0c-1989fc1f03ed"><testcase classname="backend.tests.test_iteration18_cart_drawer.TestCartDrawerAPIs" name="test_get_cart" time="0.594" /><testcase classname="backend.tests.test_iteration18_cart_drawer.TestCartDrawerAPIs" name="test_add_to_cart" time="0.597" /><testcase classname="backend.tests.test_iteration18_cart_drawer.TestCartDrawerAPIs" name="test_update_cart_quantity" time="0.630" /><testcase classname="backend.tests.test_iteration18_cart_drawer.TestCartDrawerAPIs" name="test_remove_from_cart" time="1.000" /><testcase classname="backend.tests.test_iteration18_cart_drawer.TestCartDrawerAPIs" name="test_upsell_suggestions" time="2.098" /><testcase classname="backend.tests.test_iteration18_cart_drawer.TestCartDrawerAPIs" name="test_upsell_excludes_cart_items" time="0.574" /><testcase classname="backend.tests.test_iteration18_cart_drawer.TestCartDrawerAPIs" name="test_coupon_validation" time="0.446" /><testcase classname="backend.tests.test_iteration18_cart_drawer.TestCartDrawerAPIs" name="test_booster_config" time="0.452" /><testcase classname="backend.tests.test_iteration18_cart_drawer.TestCartDrawerAPIs" name="test_clear_cart" time="0.561" /><testcase classname="backend.tests.test_iteration18_cart_drawer.TestCartDrawerEdgeCases" name="test_add_invalid_product" time="0.440" /><testcase classname="backend.tests.test_iteration18_cart_drawer.TestCartDrawerEdgeCases" name="test_update_nonexistent_item" time="0.463" /><testcase classname="backend.tests.test_iteration18_cart_drawer.TestCartDrawerEdgeCases" name="test_cart_without_auth" time="0.453" /><testcase classname="backend.tests.test_iteration18_cart_drawer.TestCartDrawerEdgeCases" name="test_upsell_without_auth" time="0.440" /></testsuite></testsuites>