<?xml version="1.0" encoding="utf-8"?><testsuites name="pytest tests"><testsuite name="pytest" errors="0" failures="0" skipped="0" tests="8" time="3.327" timestamp="2026-03-27T16:34:00.880847+00:00" hostname="agent-env-fb8a5ff2-59c5-4762-ba0c-1989fc1f03ed"><testcase classname="tests.test_iteration19_cart_instant.TestCartInstantUpdate" name="test_get_cart" time="0.483" /><testcase classname="tests.test_iteration19_cart_instant.TestCartInstantUpdate" name="test_add_to_cart_returns_updated_state" time="0.532" /><testcase classname="tests.test_iteration19_cart_instant.TestCartInstantUpdate" name="test_booster_config_endpoint" time="0.492" /><testcase classname="tests.test_iteration19_cart_instant.TestCartInstantUpdate" name="test_cart_update_quantity" time="0.634" /><testcase classname="tests.test_iteration19_cart_instant.TestCartInstantUpdate" name="test_upsell_suggestions" time="0.430" /><testcase classname="tests.test_iteration19_cart_instant.TestCartInstantUpdate" name="test_cart_without_auth_returns_401" time="0.445" /><testcase classname="tests.test_iteration19_cart_instant.TestBoosterBarIntegration" name="test_booster_config_public" time="0.107" /><testcase classname="tests.test_iteration19_cart_instant.TestBoosterBarIntegration" name="test_booster_slabs_have_required_fields" time="0.144" /></testsuite></testsuites>