<?xml version="1.0" encoding="utf-8"?><testsuites name="pytest tests"><testsuite name="pytest" errors="0" failures="1" skipped="0" tests="15" time="3.488" timestamp="2026-04-04T19:10:42.851883+00:00" hostname="agent-env-f56038f6-863d-4b79-9dd4-9e82780a0a15"><testcase classname="backend.tests.test_iteration45_cart_checkout.TestOTPEndpoints" name="test_otp_send_success" time="0.221" /><testcase classname="backend.tests.test_iteration45_cart_checkout.TestOTPEndpoints" name="test_otp_send_invalid_phone" time="0.133" /><testcase classname="backend.tests.test_iteration45_cart_checkout.TestOTPEndpoints" name="test_otp_verify_success" time="0.337" /><testcase classname="backend.tests.test_iteration45_cart_checkout.TestOTPEndpoints" name="test_otp_verify_invalid" time="0.257" /><testcase classname="backend.tests.test_iteration45_cart_checkout.TestEmailLogin" name="test_email_login_success" time="0.377" /><testcase classname="backend.tests.test_iteration45_cart_checkout.TestEmailLogin" name="test_email_login_invalid" time="0.334" /><testcase classname="backend.tests.test_iteration45_cart_checkout.TestCartEndpoints" name="test_get_cart_authenticated" time="0.511" /><testcase classname="backend.tests.test_iteration45_cart_checkout.TestCartEndpoints" name="test_get_cart_unauthenticated" time="0.103" /><testcase classname="backend.tests.test_iteration45_cart_checkout.TestProductsEndpoint" name="test_get_products_no_auth" time="0.117" /><testcase classname="backend.tests.test_iteration45_cart_checkout.TestProductsEndpoint" name="test_get_product_detail_no_auth" time="0.234" /><testcase classname="backend.tests.test_iteration45_cart_checkout.TestCheckoutSettings" name="test_get_checkout_settings" time="0.119" /><testcase classname="backend.tests.test_iteration45_cart_checkout.TestCartBoosterSlabs" name="test_get_slabs" time="0.101"><failure message="AssertionError: Expected 200, got 404&#10;assert 404 == 200&#10; +  where 404 = &lt;Response [404]&gt;.status_code">backend/tests/test_iteration45_cart_checkout.py:183: in test_get_slabs
    assert response.status_code == 200, f"Expected 200, got {response.status_code}"
E   AssertionError: Expected 200, got 404
E   assert 404 == 200
E    +  where 404 = &lt;Response [404]&gt;.status_code</failure></testcase><testcase classname="backend.tests.test_iteration45_cart_checkout.TestCouponValidation" name="test_validate_coupon_invalid" time="0.121" /><testcase classname="backend.tests.test_iteration45_cart_checkout.TestUserRegistration" name="test_register_new_user" time="0.328" /><testcase classname="backend.tests.test_iteration45_cart_checkout.TestUserRegistration" name="test_register_duplicate_email" time="0.111" /></testsuite></testsuites>