<?xml version="1.0" encoding="utf-8"?><testsuites name="pytest tests"><testsuite name="pytest" errors="0" failures="0" skipped="0" tests="10" time="2.630" timestamp="2026-03-27T15:19:58.770971+00:00" hostname="agent-env-fb8a5ff2-59c5-4762-ba0c-1989fc1f03ed"><testcase classname="tests.test_iteration17_booster.TestBoosterPublicEndpoints" name="test_get_booster_config" time="0.150" /><testcase classname="tests.test_iteration17_booster.TestBoosterAdminEndpoints" name="test_get_admin_slabs" time="0.452" /><testcase classname="tests.test_iteration17_booster.TestBoosterAdminEndpoints" name="test_create_slab" time="0.124" /><testcase classname="tests.test_iteration17_booster.TestBoosterAdminEndpoints" name="test_update_slab" time="0.252" /><testcase classname="tests.test_iteration17_booster.TestBoosterAdminEndpoints" name="test_delete_slab" time="0.339" /><testcase classname="tests.test_iteration17_booster.TestBoosterAdminEndpoints" name="test_get_admin_messages" time="0.109" /><testcase classname="tests.test_iteration17_booster.TestBoosterAdminEndpoints" name="test_update_admin_messages" time="0.132" /><testcase classname="tests.test_iteration17_booster.TestBoosterAdminEndpoints" name="test_get_admin_analytics" time="0.109" /><testcase classname="tests.test_iteration17_booster.TestUpsellSuggestions" name="test_get_upsell_suggestions" time="0.450" /><testcase classname="tests.test_iteration17_booster.TestNonSuperAdminAccess" name="test_non_admin_cannot_access_slabs" time="0.461" /></testsuite></testsuites>