<?xml version="1.0" encoding="utf-8"?><testsuites name="pytest tests"><testsuite name="pytest" errors="0" failures="0" skipped="0" tests="9" time="23.768" timestamp="2026-04-08T17:25:48.595140+00:00" hostname="agent-env-99f2e04f-3bfd-49bb-a3ea-6d0fde10627b"><testcase classname="tests.test_kyc_auto_decision.TestKYCAutoApprove" name="test_auto_approve_pan_card_matching_data" time="2.659" /><testcase classname="tests.test_kyc_auto_decision.TestKYCAutoApprove" name="test_kyc_status_shows_approved_doc" time="0.118" /><testcase classname="tests.test_kyc_auto_decision.TestKYCAutoReject" name="test_auto_reject_pan_card_mismatched_data" time="1.917" /><testcase classname="tests.test_kyc_auto_decision.TestKYCAutoReject" name="test_kyc_status_shows_rejected_doc_with_reason" time="0.126" /><testcase classname="tests.test_kyc_auto_decision.TestManualReview" name="test_pdf_upload_skips_ai_stays_uploaded" time="0.254" /><testcase classname="tests.test_kyc_auto_decision.TestFullKYCAutoApprove" name="test_full_kyc_auto_approve_all_docs" time="11.378" /><testcase classname="tests.test_kyc_auto_decision.TestAdminOverride" name="test_admin_can_override_auto_approved_doc" time="2.279" /><testcase classname="tests.test_kyc_auto_decision.TestAdminOverride" name="test_admin_can_approve_auto_rejected_doc" time="2.349" /><testcase classname="tests.test_kyc_auto_decision.TestKYCStatusEndpoint" name="test_kyc_status_includes_ai_verification" time="2.622" /></testsuite></testsuites>