<?xml version="1.0" encoding="utf-8"?><testsuites name="pytest tests"><testsuite name="pytest" errors="0" failures="1" skipped="0" tests="15" time="6.394" timestamp="2026-04-08T15:53:22.808231+00:00" hostname="agent-env-99f2e04f-3bfd-49bb-a3ea-6d0fde10627b"><testcase classname="backend.tests.test_master_search_display_ids.TestMasterSearchBackend" name="test_01_admin_login_success" time="0.757" /><testcase classname="backend.tests.test_master_search_display_ids.TestMasterSearchBackend" name="test_02_master_search_vnd_0001" time="0.389" /><testcase classname="backend.tests.test_master_search_display_ids.TestMasterSearchBackend" name="test_03_master_search_autocomplete" time="0.384" /><testcase classname="backend.tests.test_master_search_display_ids.TestMasterSearchBackend" name="test_04_master_search_autocomplete_by_display_id" time="0.466" /><testcase classname="backend.tests.test_master_search_display_ids.TestMasterSearchBackend" name="test_05_run_migration_endpoint" time="0.397" /><testcase classname="backend.tests.test_master_search_display_ids.TestMasterSearchBackend" name="test_06_master_search_not_found" time="0.400" /><testcase classname="backend.tests.test_master_search_display_ids.TestMasterSearchBackend" name="test_07_master_search_case_insensitive" time="0.422" /><testcase classname="backend.tests.test_master_search_display_ids.TestVendorDisplayId" name="test_01_vendor_login_success" time="0.742" /><testcase classname="backend.tests.test_master_search_display_ids.TestVendorDisplayId" name="test_02_vendor_me_has_display_id" time="0.388" /><testcase classname="backend.tests.test_master_search_display_ids.TestDisplayIdFormats" name="test_01_search_reseller_format" time="0.419" /><testcase classname="backend.tests.test_master_search_display_ids.TestDisplayIdFormats" name="test_02_search_affiliate_format" time="0.406" /><testcase classname="backend.tests.test_master_search_display_ids.TestDisplayIdFormats" name="test_03_search_admin_format" time="0.419" /><testcase classname="backend.tests.test_master_search_display_ids.TestRegressionChecks" name="test_01_homepage_loads" time="0.137" /><testcase classname="backend.tests.test_master_search_display_ids.TestRegressionChecks" name="test_02_reels_api_works" time="0.116"><failure message="AssertionError: Reels API failed: {&quot;detail&quot;:&quot;Not Found&quot;}&#10;assert 404 == 200&#10; +  where 404 = &lt;Response [404]&gt;.status_code">backend/tests/test_master_search_display_ids.py:258: in test_02_reels_api_works
    assert response.status_code == 200, f"Reels API failed: {response.text}"
E   AssertionError: Reels API failed: {"detail":"Not Found"}
E   assert 404 == 200
E    +  where 404 = &lt;Response [404]&gt;.status_code</failure></testcase><testcase classname="backend.tests.test_master_search_display_ids.TestRegressionChecks" name="test_03_admin_dashboard_works" time="0.455" /></testsuite></testsuites>