<?xml version="1.0" encoding="utf-8"?><testsuites name="pytest tests"><testsuite name="pytest" errors="0" failures="0" skipped="0" tests="25" time="10.428" timestamp="2026-03-21T01:50:58.043491+00:00" hostname="agent-env-fb8a5ff2-59c5-4762-ba0c-1989fc1f03ed"><testcase classname="backend.tests.test_new_features.TestHealthCheck" name="test_health_endpoint" time="0.139" /><testcase classname="backend.tests.test_new_features.TestAdminLogin" name="test_super_admin_login" time="0.334" /><testcase classname="backend.tests.test_new_features.TestAdminLogin" name="test_product_manager_login" time="0.346" /><testcase classname="backend.tests.test_new_features.TestAdminLogin" name="test_marketing_manager_login" time="0.326" /><testcase classname="backend.tests.test_new_features.TestAdminLogin" name="test_finance_manager_login" time="0.393" /><testcase classname="backend.tests.test_new_features.TestAdminLogin" name="test_support_manager_login" time="0.330" /><testcase classname="backend.tests.test_new_features.TestCommissionSettings" name="test_get_commission_settings_super_admin" time="0.459" /><testcase classname="backend.tests.test_new_features.TestCommissionSettings" name="test_update_commission_settings_super_admin" time="0.554" /><testcase classname="backend.tests.test_new_features.TestCommissionSettings" name="test_product_manager_cannot_edit_commission" time="0.449" /><testcase classname="backend.tests.test_new_features.TestCommissionSettings" name="test_toggle_commission_enabled" time="0.693" /><testcase classname="backend.tests.test_new_features.TestPlatformStats" name="test_get_platform_stats" time="0.437" /><testcase classname="backend.tests.test_new_features.TestProductManagerRole" name="test_product_manager_can_view_products" time="0.433" /><testcase classname="backend.tests.test_new_features.TestProductManagerRole" name="test_product_manager_can_view_vendor_products" time="0.453" /><testcase classname="backend.tests.test_new_features.TestProductManagerRole" name="test_product_manager_can_view_categories" time="0.442" /><testcase classname="backend.tests.test_new_features.TestProductManagerRole" name="test_product_manager_cannot_view_admin_users" time="0.439" /><testcase classname="backend.tests.test_new_features.TestProductManagerRole" name="test_product_manager_can_view_but_not_edit_settings" time="0.541" /><testcase classname="backend.tests.test_new_features.TestReviewsAPI" name="test_get_product_reviews" time="0.215" /><testcase classname="backend.tests.test_new_features.TestReviewsAPI" name="test_create_review_requires_auth" time="0.106" /><testcase classname="backend.tests.test_new_features.TestCollaborationsAPI" name="test_collaboration_request_requires_vendor_auth" time="0.115" /><testcase classname="backend.tests.test_new_features.TestCollaborationsAPI" name="test_get_vendor_sent_requests" time="0.450" /><testcase classname="backend.tests.test_new_features.TestResellerSystem" name="test_admin_list_resellers" time="0.459" /><testcase classname="backend.tests.test_new_features.TestOrderDeliverySettlement" name="test_get_orders" time="0.432" /><testcase classname="backend.tests.test_new_features.TestOrderDeliverySettlement" name="test_update_order_status_to_delivered" time="0.567" /><testcase classname="backend.tests.test_new_features.TestAdminUserCreation" name="test_create_product_manager_role_available" time="0.801" /><testcase classname="backend.tests.test_new_features.TestCategoriesManagement" name="test_product_manager_can_create_category" time="0.454" /></testsuite></testsuites>