<?xml version="1.0" encoding="utf-8"?><testsuites name="pytest tests"><testsuite name="pytest" errors="0" failures="0" skipped="3" tests="20" time="5.037" timestamp="2026-04-09T21:27:23.002246+00:00" hostname="agent-env-2fb9cf0a-a337-4b23-b979-d6067d57fec3"><testcase classname="backend.tests.test_notification_center.TestAdminNotificationCenter" name="test_admin_center_returns_paginated_notifications" time="1.941" /><testcase classname="backend.tests.test_notification_center.TestAdminNotificationCenter" name="test_admin_center_type_filter" time="0.159" /><testcase classname="backend.tests.test_notification_center.TestAdminNotificationCenter" name="test_admin_center_status_filter_unread" time="0.144" /><testcase classname="backend.tests.test_notification_center.TestAdminNotificationCenter" name="test_admin_center_status_filter_read" time="0.158" /><testcase classname="backend.tests.test_notification_center.TestAdminNotificationCenter" name="test_admin_center_priority_filter" time="0.120" /><testcase classname="backend.tests.test_notification_center.TestAdminNotificationCenter" name="test_admin_center_search_filter" time="0.114" /><testcase classname="backend.tests.test_notification_center.TestAdminNotificationCenter" name="test_admin_center_pagination" time="0.276" /><testcase classname="backend.tests.test_notification_center.TestAdminNotificationCenter" name="test_admin_center_requires_auth" time="0.130" /><testcase classname="backend.tests.test_notification_center.TestAdminBulkOperations" name="test_admin_bulk_read_marks_notifications" time="0.109"><skipped type="pytest.skip" message="No unread notifications to test bulk-read">/app/backend/tests/test_notification_center.py:176: No unread notifications to test bulk-read</skipped></testcase><testcase classname="backend.tests.test_notification_center.TestAdminBulkOperations" name="test_admin_bulk_read_empty_list" time="0.128" /><testcase classname="backend.tests.test_notification_center.TestAdminBulkOperations" name="test_admin_bulk_delete_removes_notifications" time="0.220" /><testcase classname="backend.tests.test_notification_center.TestAdminBulkOperations" name="test_admin_bulk_delete_requires_auth" time="0.159" /><testcase classname="backend.tests.test_notification_center.TestUserNotificationCenter" name="test_user_center_returns_paginated_notifications" time="0.487" /><testcase classname="backend.tests.test_notification_center.TestUserNotificationCenter" name="test_user_center_type_filter" time="0.135" /><testcase classname="backend.tests.test_notification_center.TestUserNotificationCenter" name="test_user_center_status_filter" time="0.109" /><testcase classname="backend.tests.test_notification_center.TestUserNotificationCenter" name="test_user_center_requires_auth" time="0.106" /><testcase classname="backend.tests.test_notification_center.TestUserBulkOperations" name="test_user_bulk_read" time="0.125"><skipped type="pytest.skip" message="No unread user notifications to test">/app/backend/tests/test_notification_center.py:314: No unread user notifications to test</skipped></testcase><testcase classname="backend.tests.test_notification_center.TestUserBulkOperations" name="test_user_bulk_delete" time="0.115"><skipped type="pytest.skip" message="No TEST- prefixed user notifications to safely delete">/app/backend/tests/test_notification_center.py:341: No TEST- prefixed user notifications to safely delete</skipped></testcase><testcase classname="backend.tests.test_notification_center.TestEmailLogs" name="test_email_logs_exist" time="0.102" /><testcase classname="backend.tests.test_notification_center.TestEmailLogs" name="test_admin_can_access_notifications" time="0.114" /></testsuite></testsuites>