<?xml version="1.0" encoding="utf-8"?><testsuites name="pytest tests"><testsuite name="pytest" errors="0" failures="0" skipped="0" tests="8" time="3.951" timestamp="2026-04-09T20:16:52.280710+00:00" hostname="agent-env-2fb9cf0a-a337-4b23-b979-d6067d57fec3"><testcase classname="backend.tests.test_notification_redirect.TestNotificationRedirectURL" name="test_admin_notifications_list_returns_200" time="0.476" /><testcase classname="backend.tests.test_notification_redirect.TestNotificationRedirectURL" name="test_notifications_have_redirect_url" time="0.465" /><testcase classname="backend.tests.test_notification_redirect.TestNotificationRedirectURL" name="test_redirect_url_uses_nested_routes_not_query_params" time="0.457" /><testcase classname="backend.tests.test_notification_redirect.TestNotificationRedirectURL" name="test_order_notifications_redirect_to_admin_orders" time="0.506" /><testcase classname="backend.tests.test_notification_redirect.TestNotificationRedirectURL" name="test_issue_notifications_redirect_correctly" time="0.488" /><testcase classname="backend.tests.test_notification_redirect.TestNotificationRedirectURL" name="test_notification_mark_read" time="0.589" /><testcase classname="backend.tests.test_notification_redirect.TestNotificationRedirectURL" name="test_unread_count_endpoint" time="0.473" /><testcase classname="backend.tests.test_notification_redirect.TestNotificationServiceRedirectGeneration" name="test_notification_types_have_expected_redirect_urls" time="0.436" /></testsuite></testsuites>