<?xml version="1.0" encoding="utf-8"?><testsuites name="pytest tests"><testsuite name="pytest" errors="0" failures="0" skipped="0" tests="14" time="8.084" timestamp="2026-04-08T18:52:27.197835+00:00" hostname="agent-env-99f2e04f-3bfd-49bb-a3ea-6d0fde10627b"><testcase classname="backend.tests.test_notification_preferences.TestNotificationPreferences" name="test_vendor_get_preferences_returns_defaults" time="0.655" /><testcase classname="backend.tests.test_notification_preferences.TestNotificationPreferences" name="test_vendor_update_single_preference" time="0.258" /><testcase classname="backend.tests.test_notification_preferences.TestNotificationPreferences" name="test_vendor_update_multiple_preferences" time="0.118" /><testcase classname="backend.tests.test_notification_preferences.TestNotificationPreferences" name="test_vendor_preferences_persist" time="0.434" /><testcase classname="backend.tests.test_notification_preferences.TestNotificationPreferences" name="test_vendor_update_empty_body_returns_400" time="0.114" /><testcase classname="backend.tests.test_notification_preferences.TestNotificationPreferences" name="test_admin_get_preferences" time="0.507" /><testcase classname="backend.tests.test_notification_preferences.TestNotificationPreferences" name="test_admin_update_preferences" time="0.259" /><testcase classname="backend.tests.test_notification_preferences.TestNotificationPreferences" name="test_disabled_type_skips_notification" time="1.624" /><testcase classname="backend.tests.test_notification_preferences.TestNotificationPreferences" name="test_credit_notification_respects_preferences" time="1.666" /><testcase classname="backend.tests.test_notification_preferences.TestNotificationPreferences" name="test_enabled_type_creates_notification" time="1.455" /><testcase classname="backend.tests.test_notification_preferences.TestNotificationPreferences" name="test_sound_preferences_structure" time="0.114" /><testcase classname="backend.tests.test_notification_preferences.TestNotificationPreferences" name="test_toggle_sound_preferences" time="0.330" /><testcase classname="backend.tests.test_notification_preferences.TestNotificationPreferences" name="test_vendor_prefs_requires_auth" time="0.212" /><testcase classname="backend.tests.test_notification_preferences.TestNotificationPreferences" name="test_admin_prefs_requires_auth" time="0.270" /></testsuite></testsuites>