<?xml version="1.0" encoding="utf-8"?><testsuites name="pytest tests"><testsuite name="pytest" errors="0" failures="0" skipped="0" tests="15" time="4.376" timestamp="2026-03-28T17:35:39.305308+00:00" hostname="agent-env-fb8a5ff2-59c5-4762-ba0c-1989fc1f03ed"><testcase classname="backend.tests.test_notification_system.TestVAPIDPublicKey" name="test_vapid_public_key_returns_200" time="0.158" /><testcase classname="backend.tests.test_notification_system.TestVAPIDPublicKey" name="test_vapid_public_key_has_public_key_field" time="0.121" /><testcase classname="backend.tests.test_notification_system.TestPushSubscription" name="test_subscribe_with_valid_data" time="0.255" /><testcase classname="backend.tests.test_notification_system.TestPushSubscription" name="test_subscribe_missing_endpoint_returns_400" time="0.113" /><testcase classname="backend.tests.test_notification_system.TestPushSubscription" name="test_subscribe_missing_keys_returns_400" time="0.118" /><testcase classname="backend.tests.test_notification_system.TestPushSubscription" name="test_unsubscribe_with_valid_endpoint" time="0.322" /><testcase classname="backend.tests.test_notification_system.TestPushSubscription" name="test_unsubscribe_missing_endpoint_returns_400" time="0.101" /><testcase classname="backend.tests.test_notification_system.TestAdminNotificationStats" name="test_admin_stats_without_auth_returns_401" time="0.099" /><testcase classname="backend.tests.test_notification_system.TestAdminNotificationStats" name="test_admin_stats_with_auth_returns_200" time="0.530" /><testcase classname="backend.tests.test_notification_system.TestAdminSendNotification" name="test_admin_send_without_auth_returns_401" time="0.124" /><testcase classname="backend.tests.test_notification_system.TestAdminSendNotification" name="test_admin_send_missing_body_returns_400" time="0.480" /><testcase classname="backend.tests.test_notification_system.TestAdminSendNotification" name="test_admin_send_with_valid_data" time="0.732" /><testcase classname="backend.tests.test_notification_system.TestFlashSaleAutoTrigger" name="test_get_bundles_for_flash_test" time="0.441" /><testcase classname="backend.tests.test_notification_system.TestFlashSaleAutoTrigger" name="test_update_bundle_with_flash_sale_fields" time="0.561" /><testcase classname="backend.tests.test_notification_system.TestFlashSalesEndpoint" name="test_flash_sales_endpoint_returns_200" time="0.139" /></testsuite></testsuites>