<?xml version="1.0" encoding="utf-8"?><testsuites name="pytest tests"><testsuite name="pytest" errors="0" failures="0" skipped="0" tests="14" time="6.326" timestamp="2026-04-09T21:10:18.113183+00:00" hostname="agent-env-2fb9cf0a-a337-4b23-b979-d6067d57fec3"><testcase classname="backend.tests.test_notification_bell.TestAdminNotificationBell" name="test_admin_notification_list" time="0.591" /><testcase classname="backend.tests.test_notification_bell.TestAdminNotificationBell" name="test_admin_unread_count" time="0.527" /><testcase classname="backend.tests.test_notification_bell.TestAdminNotificationBell" name="test_admin_mark_single_notification_read" time="0.807" /><testcase classname="backend.tests.test_notification_bell.TestAdminNotificationBell" name="test_admin_mark_all_read" time="0.658" /><testcase classname="backend.tests.test_notification_bell.TestAdminNotificationBell" name="test_admin_mark_nonexistent_notification" time="0.473" /><testcase classname="backend.tests.test_notification_bell.TestUserNotificationBell" name="test_user_notification_list" time="0.454" /><testcase classname="backend.tests.test_notification_bell.TestUserNotificationBell" name="test_user_unread_count" time="0.439" /><testcase classname="backend.tests.test_notification_bell.TestUserNotificationBell" name="test_user_mark_single_notification_read" time="0.655" /><testcase classname="backend.tests.test_notification_bell.TestUserNotificationBell" name="test_user_mark_all_read" time="0.620" /><testcase classname="backend.tests.test_notification_bell.TestUserNotificationBell" name="test_user_mark_nonexistent_notification" time="0.469" /><testcase classname="backend.tests.test_notification_bell.TestNotificationAuthentication" name="test_admin_list_requires_auth" time="0.115" /><testcase classname="backend.tests.test_notification_bell.TestNotificationAuthentication" name="test_user_list_requires_auth" time="0.199" /><testcase classname="backend.tests.test_notification_bell.TestNotificationAuthentication" name="test_admin_mark_read_requires_auth" time="0.113" /><testcase classname="backend.tests.test_notification_bell.TestNotificationAuthentication" name="test_user_mark_read_requires_auth" time="0.134" /></testsuite></testsuites>