<?xml version="1.0" encoding="utf-8"?><testsuites name="pytest tests"><testsuite name="pytest" errors="0" failures="0" skipped="0" tests="26" time="5.980" timestamp="2026-04-09T18:25:00.298431+00:00" hostname="agent-env-2fb9cf0a-a337-4b23-b979-d6067d57fec3"><testcase classname="backend.tests.test_order_notification_tracking.TestAdminAuth" name="test_admin_login_success" time="0.232" /><testcase classname="backend.tests.test_order_notification_tracking.TestAdminAuth" name="test_admin_login_invalid_credentials" time="0.003" /><testcase classname="backend.tests.test_order_notification_tracking.TestOrderSearch" name="test_search_orders_basic" time="0.241" /><testcase classname="backend.tests.test_order_notification_tracking.TestOrderSearch" name="test_search_orders_time_filter_today" time="0.234" /><testcase classname="backend.tests.test_order_notification_tracking.TestOrderSearch" name="test_search_orders_time_filter_7d" time="0.233" /><testcase classname="backend.tests.test_order_notification_tracking.TestOrderSearch" name="test_search_orders_time_filter_30d" time="0.243" /><testcase classname="backend.tests.test_order_notification_tracking.TestOrderSearch" name="test_search_orders_status_filter" time="0.259" /><testcase classname="backend.tests.test_order_notification_tracking.TestOrderSearch" name="test_search_orders_payment_status_filter" time="0.251" /><testcase classname="backend.tests.test_order_notification_tracking.TestOrderSearch" name="test_search_orders_text_query" time="0.240" /><testcase classname="backend.tests.test_order_notification_tracking.TestOrderSearch" name="test_search_orders_combined_filters" time="0.236" /><testcase classname="backend.tests.test_order_notification_tracking.TestOrderSearch" name="test_search_orders_requires_auth" time="0.228" /><testcase classname="backend.tests.test_order_notification_tracking.TestEmailLogs" name="test_get_email_logs" time="0.231" /><testcase classname="backend.tests.test_order_notification_tracking.TestEmailLogs" name="test_get_email_logs_by_status" time="0.245" /><testcase classname="backend.tests.test_order_notification_tracking.TestEmailLogs" name="test_get_email_logs_by_recipient_type" time="0.243" /><testcase classname="backend.tests.test_order_notification_tracking.TestEmailLogs" name="test_get_email_logs_for_order" time="0.235" /><testcase classname="backend.tests.test_order_notification_tracking.TestEmailLogs" name="test_email_logs_requires_auth" time="0.229" /><testcase classname="backend.tests.test_order_notification_tracking.TestNewOrderCount" name="test_get_new_order_count" time="0.230" /><testcase classname="backend.tests.test_order_notification_tracking.TestNewOrderCount" name="test_get_new_order_count_since_timestamp" time="0.231" /><testcase classname="backend.tests.test_order_notification_tracking.TestOrderTimeline" name="test_get_order_timeline" time="0.234" /><testcase classname="backend.tests.test_order_notification_tracking.TestOrderDetail" name="test_get_order_detail" time="0.235" /><testcase classname="backend.tests.test_order_notification_tracking.TestOrderDetail" name="test_get_order_detail_not_found" time="0.230" /><testcase classname="backend.tests.test_order_notification_tracking.TestOrderStatusUpdate" name="test_update_order_status_invalid" time="0.232" /><testcase classname="backend.tests.test_order_notification_tracking.TestOrderStatusUpdate" name="test_update_order_status_not_found" time="0.229" /><testcase classname="backend.tests.test_order_notification_tracking.TestOrderTracking" name="test_update_tracking_not_found" time="0.230" /><testcase classname="backend.tests.test_order_notification_tracking.TestCODOrderCreation" name="test_order_creation_requires_auth" time="0.227" /><testcase classname="backend.tests.test_order_notification_tracking.TestCODOrderCreation" name="test_order_creation_empty_cart" time="0.229" /></testsuite></testsuites>