<?xml version="1.0" encoding="utf-8"?><testsuites name="pytest tests"><testsuite name="pytest" errors="0" failures="1" skipped="0" tests="18" time="12.339" timestamp="2026-03-27T18:39:32.198519+00:00" hostname="agent-env-fb8a5ff2-59c5-4762-ba0c-1989fc1f03ed"><testcase classname="backend.tests.test_order_flow.TestAdminAuth" name="test_admin_login_success" time="0.373" /><testcase classname="backend.tests.test_order_flow.TestAdminAuth" name="test_admin_login_invalid_credentials" time="0.113" /><testcase classname="backend.tests.test_order_flow.TestCustomerAuth" name="test_customer_register" time="0.327" /><testcase classname="backend.tests.test_order_flow.TestCustomerAuth" name="test_customer_login" time="0.668" /><testcase classname="backend.tests.test_order_flow.TestCartOperations" name="test_add_to_cart" time="0.440" /><testcase classname="backend.tests.test_order_flow.TestCartOperations" name="test_get_cart" time="0.445" /><testcase classname="backend.tests.test_order_flow.TestCheckoutFlow" name="test_create_order" time="0.583" /><testcase classname="backend.tests.test_order_flow.TestCheckoutFlow" name="test_verify_payment" time="0.699" /><testcase classname="backend.tests.test_order_flow.TestCustomerOrders" name="test_get_customer_orders" time="0.790" /><testcase classname="backend.tests.test_order_flow.TestCustomerOrders" name="test_get_single_order" time="0.884" /><testcase classname="backend.tests.test_order_flow.TestAdminOrderManagement" name="test_admin_get_orders" time="0.479" /><testcase classname="backend.tests.test_order_flow.TestAdminOrderManagement" name="test_admin_get_orders_with_filter" time="0.439" /><testcase classname="backend.tests.test_order_flow.TestAdminOrderManagement" name="test_admin_new_order_count" time="0.436" /><testcase classname="backend.tests.test_order_flow.TestAdminOrderManagement" name="test_admin_update_order_status_to_confirmed" time="1.206" /><testcase classname="backend.tests.test_order_flow.TestAdminOrderManagement" name="test_admin_add_tracking" time="1.252" /><testcase classname="backend.tests.test_order_flow.TestAdminOrderManagement" name="test_customer_sees_tracking" time="1.262"><failure message="AssertionError: Tracking ID mismatch: None&#10;assert None == 'TRACK1774636782'&#10; +  where None = &lt;built-in method get of dict object at 0xfd450746d140&gt;('tracking_id')&#10; +    where &lt;built-in method get of dict object at 0xfd450746d140&gt; = {'created_at': '2026-03-27T18:39:42.257483+00:00', 'discount': 0.0, 'influencer_commission': 0.0, 'items': [{'color': 'Black', 'is_vendor_product': False, 'item_total': 2999.0, 'price': 2999.0, ...}], ...}.get">backend/tests/test_order_flow.py:549: in test_customer_sees_tracking
    assert data.get("tracking_id") == tracking_id, f"Tracking ID mismatch: {data.get('tracking_id')}"
E   AssertionError: Tracking ID mismatch: None
E   assert None == 'TRACK1774636782'
E    +  where None = &lt;built-in method get of dict object at 0xfd450746d140&gt;('tracking_id')
E    +    where &lt;built-in method get of dict object at 0xfd450746d140&gt; = {'created_at': '2026-03-27T18:39:42.257483+00:00', 'discount': 0.0, 'influencer_commission': 0.0, 'items': [{'color': 'Black', 'is_vendor_product': False, 'item_total': 2999.0, 'price': 2999.0, ...}], ...}.get</failure></testcase><testcase classname="backend.tests.test_order_flow.TestAdminOrderManagement" name="test_admin_mark_delivered" time="1.279" /><testcase classname="backend.tests.test_order_flow.TestOrderDetail" name="test_admin_get_order_detail" time="0.560" /></testsuite></testsuites>