<?xml version="1.0" encoding="utf-8"?><testsuites name="pytest tests"><testsuite name="pytest" errors="0" failures="0" skipped="0" tests="14" time="5.964" timestamp="2026-04-08T16:13:20.452268+00:00" hostname="agent-env-99f2e04f-3bfd-49bb-a3ea-6d0fde10627b"><testcase classname="tests.test_otp_quick_actions.TestOTPSendVerify" name="test_otp_send_valid_phone" time="1.788" /><testcase classname="tests.test_otp_quick_actions.TestOTPSendVerify" name="test_otp_send_invalid_phone" time="0.163" /><testcase classname="tests.test_otp_quick_actions.TestOTPSendVerify" name="test_otp_verify_unregistered_phone_returns_needs_registration" time="1.210" /><testcase classname="tests.test_otp_quick_actions.TestOTPSendVerify" name="test_otp_verify_invalid_otp" time="0.132" /><testcase classname="tests.test_otp_quick_actions.TestAdminQuickActions" name="test_admin_login" time="0.347" /><testcase classname="tests.test_otp_quick_actions.TestAdminQuickActions" name="test_master_search_vendor" time="0.481" /><testcase classname="tests.test_otp_quick_actions.TestAdminQuickActions" name="test_suspend_user" time="0.306" /><testcase classname="tests.test_otp_quick_actions.TestAdminQuickActions" name="test_activate_user" time="0.281" /><testcase classname="tests.test_otp_quick_actions.TestAdminQuickActions" name="test_add_credits" time="0.354" /><testcase classname="tests.test_otp_quick_actions.TestAdminQuickActions" name="test_add_credits_invalid_amount" time="0.158" /><testcase classname="tests.test_otp_quick_actions.TestAdminQuickActions" name="test_feature_vendor" time="0.291" /><testcase classname="tests.test_otp_quick_actions.TestAdminQuickActions" name="test_feature_non_vendor_fails" time="0.135" /><testcase classname="tests.test_otp_quick_actions.TestAdminQuickActions" name="test_action_on_nonexistent_user" time="0.128" /><testcase classname="tests.test_otp_quick_actions.TestOTPVerifyFlow" name="test_otp_verify_response_structure" time="0.121" /></testsuite></testsuites>