<?xml version="1.0" encoding="utf-8"?><testsuites name="pytest tests"><testsuite name="pytest" errors="0" failures="0" skipped="0" tests="17" time="6.989" timestamp="2026-03-26T05:40:33.270154+00:00" hostname="agent-env-fb8a5ff2-59c5-4762-ba0c-1989fc1f03ed"><testcase classname="backend.tests.test_phase3_features.TestAdminAuth" name="test_admin_login_success" time="0.478" /><testcase classname="backend.tests.test_phase3_features.TestAdminAuth" name="test_admin_login_invalid_credentials" time="0.163" /><testcase classname="backend.tests.test_phase3_features.TestAdminAuth" name="test_product_manager_login" time="0.327" /><testcase classname="backend.tests.test_phase3_features.TestActionHistoryAPI" name="test_get_action_history_admin" time="0.473" /><testcase classname="backend.tests.test_phase3_features.TestActionHistoryAPI" name="test_action_history_with_filters" time="0.480" /><testcase classname="backend.tests.test_phase3_features.TestActionHistoryAPI" name="test_action_history_with_action_search" time="0.487" /><testcase classname="backend.tests.test_phase3_features.TestReferralManagersAPI" name="test_get_managers_list" time="0.479" /><testcase classname="backend.tests.test_phase3_features.TestReferralManagersAPI" name="test_get_referral_stats" time="0.424" /><testcase classname="backend.tests.test_phase3_features.TestReferralManagersAPI" name="test_assign_manager_validation" time="0.477" /><testcase classname="backend.tests.test_phase3_features.TestReferralManagersAPI" name="test_get_admin_users_list" time="0.429" /><testcase classname="backend.tests.test_phase3_features.TestMultiFileUploadAPI" name="test_upload_multiple_endpoint_exists" time="0.384" /><testcase classname="backend.tests.test_phase3_features.TestMultiFileUploadAPI" name="test_upload_rejects_invalid_type" time="0.105" /><testcase classname="backend.tests.test_phase3_features.TestCommissionSettingsAPI" name="test_get_commission_settings" time="0.443" /><testcase classname="backend.tests.test_phase3_features.TestCommissionSettingsAPI" name="test_get_platform_stats" time="0.445" /><testcase classname="backend.tests.test_phase3_features.TestResellersAPI" name="test_get_resellers_list" time="0.424" /><testcase classname="backend.tests.test_phase3_features.TestAdminDashboard" name="test_admin_dashboard" time="0.445" /><testcase classname="backend.tests.test_phase3_features.TestAdminDashboard" name="test_get_categories" time="0.453" /></testsuite></testsuites>