<?xml version="1.0" encoding="utf-8"?><testsuites name="pytest tests"><testsuite name="pytest" errors="0" failures="0" skipped="0" tests="25" time="10.297" timestamp="2026-03-26T05:14:40.769357+00:00" hostname="agent-env-fb8a5ff2-59c5-4762-ba0c-1989fc1f03ed"><testcase classname="backend.tests.test_phase2_features.TestHealthCheck" name="test_health_endpoint" time="0.153" /><testcase classname="backend.tests.test_phase2_features.TestAdvancedCouponSystem" name="test_create_coupon_with_time_and_category" time="0.450" /><testcase classname="backend.tests.test_phase2_features.TestAdvancedCouponSystem" name="test_get_active_offers_filters_by_time" time="0.421" /><testcase classname="backend.tests.test_phase2_features.TestAdvancedCouponSystem" name="test_get_active_offers_filters_by_category" time="0.425" /><testcase classname="backend.tests.test_phase2_features.TestAdvancedCouponSystem" name="test_coupon_validation_with_time_checks" time="0.519" /><testcase classname="backend.tests.test_phase2_features.TestAdvancedCouponSystem" name="test_coupon_validation_fails_for_expired" time="0.515" /><testcase classname="backend.tests.test_phase2_features.TestAdvancedCouponSystem" name="test_coupon_validation_fails_for_not_started" time="0.539" /><testcase classname="backend.tests.test_phase2_features.TestAdvancedCouponSystem" name="test_coupon_validation_category_mismatch" time="0.554" /><testcase classname="backend.tests.test_phase2_features.TestVendorCategories" name="test_get_vendor_categories_returns_both_types" time="0.427" /><testcase classname="backend.tests.test_phase2_features.TestVendorCategories" name="test_create_vendor_category" time="0.545" /><testcase classname="backend.tests.test_phase2_features.TestVendorCategories" name="test_delete_vendor_category" time="0.709" /><testcase classname="backend.tests.test_phase2_features.TestVendorCategories" name="test_cannot_delete_nonexistent_category" time="0.414" /><testcase classname="backend.tests.test_phase2_features.TestCreditBasedPromotions" name="test_get_vendor_credits" time="0.435" /><testcase classname="backend.tests.test_phase2_features.TestCreditBasedPromotions" name="test_buy_promotion_credits" time="0.826" /><testcase classname="backend.tests.test_phase2_features.TestCreditBasedPromotions" name="test_buy_credits_minimum_validation" time="0.447" /><testcase classname="backend.tests.test_phase2_features.TestCreditBasedPromotions" name="test_get_my_promotions" time="0.428" /><testcase classname="backend.tests.test_phase2_features.TestPromotedProducts" name="test_get_promoted_products_top_20" time="0.112" /><testcase classname="backend.tests.test_phase2_features.TestPromotedProducts" name="test_get_promoted_products_top_100" time="0.101" /><testcase classname="backend.tests.test_phase2_features.TestPromotedProducts" name="test_get_promoted_products_category_top" time="0.108" /><testcase classname="backend.tests.test_phase2_features.TestPromotedProducts" name="test_invalid_listing_type_returns_400" time="0.094" /><testcase classname="backend.tests.test_phase2_features.TestMarketingManagerRBAC" name="test_marketing_manager_has_coupons_permission" time="0.331" /><testcase classname="backend.tests.test_phase2_features.TestMarketingManagerRBAC" name="test_marketing_manager_can_view_coupons" time="0.412" /><testcase classname="backend.tests.test_phase2_features.TestMarketingManagerRBAC" name="test_marketing_manager_cannot_view_products" time="0.480" /><testcase classname="backend.tests.test_phase2_features.TestProductManagerRBAC" name="test_product_manager_no_coupons_permission" time="0.322" /><testcase classname="backend.tests.test_phase2_features.TestProductManagerRBAC" name="test_product_manager_cannot_view_coupons" time="0.440" /></testsuite></testsuites>