<?xml version="1.0" encoding="utf-8"?><testsuites name="pytest tests"><testsuite name="pytest" errors="0" failures="0" skipped="0" tests="22" time="11.915" timestamp="2026-03-26T04:56:23.571171+00:00" hostname="agent-env-fb8a5ff2-59c5-4762-ba0c-1989fc1f03ed"><testcase classname="backend.tests.test_phase1_features.TestHealthCheck" name="test_health_endpoint" time="0.130" /><testcase classname="backend.tests.test_phase1_features.TestUserLogin" name="test_user_login_success" time="0.330" /><testcase classname="backend.tests.test_phase1_features.TestPasswordResetFlow" name="test_password_reset_request_existing_email" time="0.104" /><testcase classname="backend.tests.test_phase1_features.TestPasswordResetFlow" name="test_password_reset_request_nonexistent_email" time="0.110" /><testcase classname="backend.tests.test_phase1_features.TestPasswordResetFlow" name="test_password_reset_confirm_with_valid_otp" time="0.764" /><testcase classname="backend.tests.test_phase1_features.TestPasswordResetFlow" name="test_password_reset_confirm_invalid_otp" time="0.100" /><testcase classname="backend.tests.test_phase1_features.TestPasswordUpdate" name="test_user_password_update" time="1.752" /><testcase classname="backend.tests.test_phase1_features.TestVendorPasswordUpdate" name="test_vendor_password_update" time="1.784" /><testcase classname="backend.tests.test_phase1_features.TestCollaborationSystem" name="test_collaboration_request_generates_referral_code" time="0.559" /><testcase classname="backend.tests.test_phase1_features.TestCollaborationSystem" name="test_collaboration_request_includes_fixed_payment" time="0.439" /><testcase classname="backend.tests.test_phase1_features.TestCollaborationSystem" name="test_collaboration_accept_returns_referral_code" time="0.864" /><testcase classname="backend.tests.test_phase1_features.TestCollaborationSystem" name="test_collaboration_resend_for_rejected" time="0.875" /><testcase classname="backend.tests.test_phase1_features.TestCollaborationSystem" name="test_collaboration_resend_fails_for_pending" time="0.553" /><testcase classname="backend.tests.test_phase1_features.TestCollaborationTracking" name="test_track_referral_code" time="0.534" /><testcase classname="backend.tests.test_phase1_features.TestCollaborationTracking" name="test_track_invalid_referral_code" time="0.090" /><testcase classname="backend.tests.test_phase1_features.TestActionHistory" name="test_admin_action_history" time="0.456" /><testcase classname="backend.tests.test_phase1_features.TestAdminRBAC" name="test_product_manager_login" time="0.328" /><testcase classname="backend.tests.test_phase1_features.TestAdminRBAC" name="test_marketing_manager_login" time="0.338" /><testcase classname="backend.tests.test_phase1_features.TestAdminRBAC" name="test_product_manager_permissions" time="0.452" /><testcase classname="backend.tests.test_phase1_features.TestAdminRBAC" name="test_marketing_manager_permissions" time="0.424" /><testcase classname="backend.tests.test_phase1_features.TestAdminRBAC" name="test_product_manager_cannot_access_coupons" time="0.422" /><testcase classname="backend.tests.test_phase1_features.TestAdminRBAC" name="test_marketing_manager_cannot_access_products" time="0.450" /></testsuite></testsuites>