<?xml version="1.0" encoding="utf-8"?><testsuites name="pytest tests"><testsuite name="pytest" errors="0" failures="0" skipped="0" tests="11" time="3.632" timestamp="2026-04-10T11:54:49.352866+00:00" hostname="agent-env-2fb9cf0a-a337-4b23-b979-d6067d57fec3"><testcase classname="tests.test_product_toggle_feature.TestProductToggleFeature" name="test_01_admin_get_all_products_endpoint" time="0.582" /><testcase classname="tests.test_product_toggle_feature.TestProductToggleFeature" name="test_02_admin_toggle_product_active" time="0.327" /><testcase classname="tests.test_product_toggle_feature.TestProductToggleFeature" name="test_03_admin_toggle_nonexistent_product" time="0.116" /><testcase classname="tests.test_product_toggle_feature.TestProductToggleFeature" name="test_04_public_products_filters_inactive" time="0.207" /><testcase classname="tests.test_product_toggle_feature.TestProductToggleFeature" name="test_05_admin_stock_zero_auto_deactivates" time="0.606" /><testcase classname="tests.test_product_toggle_feature.TestProductToggleFeature" name="test_06_admin_toggle_requires_auth" time="0.107" /><testcase classname="tests.test_product_toggle_feature.TestProductToggleFeature" name="test_07_toggle_response_structure" time="0.210" /><testcase classname="tests.test_product_toggle_feature.TestVendorProductToggle" name="test_01_vendor_toggle_endpoint_exists" time="0.121" /><testcase classname="tests.test_product_toggle_feature.TestVendorProductToggle" name="test_02_vendor_stock_update_endpoint_exists" time="0.132" /><testcase classname="tests.test_product_toggle_feature.TestProductFilteringLogic" name="test_01_compare_admin_vs_public_products" time="0.577" /><testcase classname="tests.test_product_toggle_feature.TestProductFilteringLogic" name="test_02_inactive_product_not_in_public" time="0.559" /></testsuite></testsuites>