<?xml version="1.0" encoding="utf-8"?><testsuites name="pytest tests"><testsuite name="pytest" errors="0" failures="0" skipped="0" tests="13" time="4.117" timestamp="2026-03-31T12:52:29.896140+00:00" hostname="agent-env-a2e83356-880d-4e72-8fe3-7b748c0c223a"><testcase classname="backend.tests.test_iteration36_features.TestResellerSystem" name="test_reseller_profile" time="0.469" /><testcase classname="backend.tests.test_iteration36_features.TestResellerSystem" name="test_reseller_products_list" time="0.119" /><testcase classname="backend.tests.test_iteration36_features.TestResellerSystem" name="test_reseller_set_margin" time="0.223" /><testcase classname="backend.tests.test_iteration36_features.TestAffiliateProductLinks" name="test_affiliate_product_links" time="1.034" /><testcase classname="backend.tests.test_iteration36_features.TestDynamicRBAC" name="test_get_permission_modules" time="0.432" /><testcase classname="backend.tests.test_iteration36_features.TestDynamicRBAC" name="test_get_admin_permissions" time="0.214" /><testcase classname="backend.tests.test_iteration36_features.TestDynamicRBAC" name="test_update_admin_permissions" time="0.374" /><testcase classname="backend.tests.test_iteration36_features.TestDynamicRBAC" name="test_reset_admin_permissions" time="0.204" /><testcase classname="backend.tests.test_iteration36_features.TestVendorCreditSystem" name="test_vendor_credit_purchase_creates_platform_revenue" time="0.464" /><testcase classname="backend.tests.test_iteration36_features.TestVendorCreditSystem" name="test_vendor_credits_balance" time="0.126" /><testcase classname="backend.tests.test_iteration36_features.TestAdminOrdersAndReviews" name="test_admin_orders_list" time="0.111" /><testcase classname="backend.tests.test_iteration36_features.TestAdminOrdersAndReviews" name="test_admin_reviews_list" time="0.181" /><testcase classname="backend.tests.test_iteration36_features.TestFooterAffiliateLink" name="test_frontend_loads" time="0.114" /></testsuite></testsuites>