<?xml version="1.0" encoding="utf-8"?><testsuites name="pytest tests"><testsuite name="pytest" errors="0" failures="0" skipped="0" tests="30" time="12.481" timestamp="2026-03-15T16:18:46.844772+00:00" hostname="agent-env-4a857233-6a70-4f33-acef-9cdb8af294ef"><testcase classname="backend.tests.test_admin_rbac.TestHealthEndpoint" name="test_health_check" time="0.180" /><testcase classname="backend.tests.test_admin_rbac.TestUserAuth" name="test_user_register" time="0.383" /><testcase classname="backend.tests.test_admin_rbac.TestUserAuth" name="test_user_login_valid" time="0.738" /><testcase classname="backend.tests.test_admin_rbac.TestUserAuth" name="test_user_login_invalid" time="0.108" /><testcase classname="backend.tests.test_admin_rbac.TestProductsAPI" name="test_get_products" time="0.113" /><testcase classname="backend.tests.test_admin_rbac.TestProductsAPI" name="test_get_featured_products" time="0.119" /><testcase classname="backend.tests.test_admin_rbac.TestAdminAuth" name="test_superadmin_login" time="0.323" /><testcase classname="backend.tests.test_admin_rbac.TestAdminAuth" name="test_marketing_manager_login" time="0.345" /><testcase classname="backend.tests.test_admin_rbac.TestAdminAuth" name="test_finance_manager_login" time="0.340" /><testcase classname="backend.tests.test_admin_rbac.TestAdminAuth" name="test_support_manager_login" time="0.329" /><testcase classname="backend.tests.test_admin_rbac.TestAdminAuth" name="test_admin_login_invalid" time="0.117" /><testcase classname="backend.tests.test_admin_rbac.TestAdminRBAC" name="test_super_admin_can_view_admin_users" time="0.451" /><testcase classname="backend.tests.test_admin_rbac.TestAdminRBAC" name="test_marketing_cannot_view_admin_users" time="0.457" /><testcase classname="backend.tests.test_admin_rbac.TestAdminRBAC" name="test_finance_cannot_view_admin_users" time="0.450" /><testcase classname="backend.tests.test_admin_rbac.TestAdminRBAC" name="test_support_cannot_view_admin_users" time="0.486" /><testcase classname="backend.tests.test_admin_rbac.TestAdminRBAC" name="test_super_admin_can_create_admin_user" time="1.093" /><testcase classname="backend.tests.test_admin_rbac.TestAdminDashboard" name="test_get_dashboard" time="0.456" /><testcase classname="backend.tests.test_admin_rbac.TestAdminOrders" name="test_get_orders" time="0.444" /><testcase classname="backend.tests.test_admin_rbac.TestAdminCustomers" name="test_get_customers" time="0.491" /><testcase classname="backend.tests.test_admin_rbac.TestAdminWithdrawals" name="test_get_withdrawals" time="0.439" /><testcase classname="backend.tests.test_admin_rbac.TestRBACPermissionMatrix" name="test_super_admin_dashboard_access" time="0.444" /><testcase classname="backend.tests.test_admin_rbac.TestRBACPermissionMatrix" name="test_super_admin_orders_access" time="0.431" /><testcase classname="backend.tests.test_admin_rbac.TestRBACPermissionMatrix" name="test_super_admin_customers_access" time="0.448" /><testcase classname="backend.tests.test_admin_rbac.TestRBACPermissionMatrix" name="test_marketing_dashboard_access" time="0.478" /><testcase classname="backend.tests.test_admin_rbac.TestRBACPermissionMatrix" name="test_marketing_orders_access" time="0.447" /><testcase classname="backend.tests.test_admin_rbac.TestRBACPermissionMatrix" name="test_finance_dashboard_access" time="0.462" /><testcase classname="backend.tests.test_admin_rbac.TestRBACPermissionMatrix" name="test_finance_withdrawals_access" time="0.449" /><testcase classname="backend.tests.test_admin_rbac.TestRBACPermissionMatrix" name="test_support_dashboard_access" time="0.450" /><testcase classname="backend.tests.test_admin_rbac.TestRBACPermissionMatrix" name="test_support_orders_access" time="0.468" /><testcase classname="backend.tests.test_admin_rbac.TestRBACPermissionMatrix" name="test_support_customers_access" time="0.453" /></testsuite></testsuites>