<?xml version="1.0" encoding="utf-8"?><testsuites name="pytest tests"><testsuite name="pytest" errors="0" failures="0" skipped="0" tests="9" time="10.443" timestamp="2026-04-08T18:59:59.914207+00:00" hostname="agent-env-99f2e04f-3bfd-49bb-a3ea-6d0fde10627b"><testcase classname="backend.tests.test_quiet_hours.TestQuietHoursPreferences" name="test_vendor_get_preferences_has_quiet_hours_fields" time="0.829" /><testcase classname="backend.tests.test_quiet_hours.TestQuietHoursPreferences" name="test_vendor_update_quiet_hours_enabled" time="0.784" /><testcase classname="backend.tests.test_quiet_hours.TestQuietHoursPreferences" name="test_vendor_update_quiet_hours_times" time="1.055" /><testcase classname="backend.tests.test_quiet_hours.TestQuietHoursPreferences" name="test_admin_get_preferences_has_quiet_hours_fields" time="0.715" /><testcase classname="backend.tests.test_quiet_hours.TestQuietHoursPreferences" name="test_admin_update_quiet_hours" time="0.838" /><testcase classname="backend.tests.test_quiet_hours.TestQuietHoursEnforcement" name="test_quiet_hours_active_notification_saved_to_db" time="1.988" /><testcase classname="backend.tests.test_quiet_hours.TestQuietHoursEnforcement" name="test_quiet_hours_inactive_notification_saved_to_db" time="1.912" /><testcase classname="backend.tests.test_quiet_hours.TestQuietHoursEnforcement" name="test_quiet_hours_disabled_notification_saved_to_db" time="1.836" /><testcase classname="backend.tests.test_quiet_hours.TestQuietHoursDefaults" name="test_quiet_hours_default_values" time="0.415" /></testsuite></testsuites>