<?xml version="1.0" encoding="utf-8"?><testsuites name="pytest tests"><testsuite name="pytest" errors="0" failures="0" skipped="0" tests="19" time="6.702" timestamp="2026-04-09T16:48:17.579121+00:00" hostname="agent-env-2fb9cf0a-a337-4b23-b979-d6067d57fec3"><testcase classname="tests.test_razorpay_integration.TestRazorpayConfiguration" name="test_backend_env_has_razorpay_keys" time="0.164" /><testcase classname="tests.test_razorpay_integration.TestPaymentCreateOrder" name="test_create_order_requires_auth" time="0.126" /><testcase classname="tests.test_razorpay_integration.TestPaymentCreateOrder" name="test_create_order_requires_valid_order" time="0.436" /><testcase classname="tests.test_razorpay_integration.TestPaymentVerify" name="test_verify_requires_auth" time="0.127" /><testcase classname="tests.test_razorpay_integration.TestPaymentVerify" name="test_verify_rejects_invalid_signature" time="0.447" /><testcase classname="tests.test_razorpay_integration.TestPaymentWebhook" name="test_webhook_endpoint_exists" time="0.109" /><testcase classname="tests.test_razorpay_integration.TestPaymentWebhook" name="test_webhook_requires_signature_when_secret_configured" time="0.130" /><testcase classname="tests.test_razorpay_integration.TestPaymentWebhook" name="test_webhook_with_valid_signature" time="0.117" /><testcase classname="tests.test_razorpay_integration.TestOrderCreation" name="test_orders_endpoint_requires_auth" time="0.118" /><testcase classname="tests.test_razorpay_integration.TestOrderCreation" name="test_order_creation_with_empty_cart" time="0.441" /><testcase classname="tests.test_razorpay_integration.TestVendorCreditPurchase" name="test_create_credit_order_requires_auth" time="0.106" /><testcase classname="tests.test_razorpay_integration.TestVendorCreditPurchase" name="test_create_credit_order_returns_razorpay_order" time="1.263" /><testcase classname="tests.test_razorpay_integration.TestVendorCreditPurchase" name="test_create_credit_order_minimum_amount" time="0.435" /><testcase classname="tests.test_razorpay_integration.TestVendorCreditPurchase" name="test_verify_credit_payment_requires_auth" time="0.110" /><testcase classname="tests.test_razorpay_integration.TestCheckoutSettings" name="test_checkout_settings_returns_payment_options" time="0.134" /><testcase classname="tests.test_razorpay_integration.TestPaymentRouterIntegration" name="test_payment_routes_registered" time="0.208" /><testcase classname="tests.test_razorpay_integration.TestVendorCreditRoutes" name="test_vendor_credit_balance" time="0.453" /><testcase classname="tests.test_razorpay_integration.TestVendorCreditRoutes" name="test_vendor_credit_transactions" time="0.468" /><testcase classname="tests.test_razorpay_integration.TestPaymentVendorCreditEndpoint" name="test_vendor_credit_create_order_via_payment_route" time="1.231" /></testsuite></testsuites>