<?xml version="1.0" encoding="utf-8"?><testsuites name="pytest tests"><testsuite name="pytest" errors="0" failures="0" skipped="1" tests="21" time="9.254" timestamp="2026-04-08T18:28:28.504504+00:00" hostname="agent-env-99f2e04f-3bfd-49bb-a3ea-6d0fde10627b"><testcase classname="backend.tests.test_realtime_notifications.TestVendorNotificationList" name="test_vendor_list_without_auth_returns_401" time="0.273" /><testcase classname="backend.tests.test_realtime_notifications.TestVendorNotificationList" name="test_vendor_list_with_auth_returns_200" time="0.471" /><testcase classname="backend.tests.test_realtime_notifications.TestVendorNotificationList" name="test_vendor_list_with_limit" time="0.461" /><testcase classname="backend.tests.test_realtime_notifications.TestVendorNotificationList" name="test_vendor_list_unread_only" time="0.463" /><testcase classname="backend.tests.test_realtime_notifications.TestVendorUnreadCount" name="test_vendor_unread_count_without_auth_returns_401" time="0.118" /><testcase classname="backend.tests.test_realtime_notifications.TestVendorUnreadCount" name="test_vendor_unread_count_with_auth_returns_200" time="0.446" /><testcase classname="backend.tests.test_realtime_notifications.TestVendorMarkRead" name="test_vendor_mark_read_without_auth_returns_401" time="0.140" /><testcase classname="backend.tests.test_realtime_notifications.TestVendorMarkRead" name="test_vendor_mark_read_nonexistent_returns_404" time="0.505" /><testcase classname="backend.tests.test_realtime_notifications.TestVendorMarkRead" name="test_vendor_mark_read_existing_notification" time="0.607" /><testcase classname="backend.tests.test_realtime_notifications.TestVendorMarkAllRead" name="test_vendor_mark_all_read_without_auth_returns_401" time="0.106" /><testcase classname="backend.tests.test_realtime_notifications.TestVendorMarkAllRead" name="test_vendor_mark_all_read_with_auth" time="0.614" /><testcase classname="backend.tests.test_realtime_notifications.TestAdminNotificationList" name="test_admin_list_without_auth_returns_401" time="0.160" /><testcase classname="backend.tests.test_realtime_notifications.TestAdminNotificationList" name="test_admin_list_with_auth_returns_200" time="0.439" /><testcase classname="backend.tests.test_realtime_notifications.TestAdminMarkRead" name="test_admin_mark_read_without_auth_returns_401" time="0.123" /><testcase classname="backend.tests.test_realtime_notifications.TestAdminMarkRead" name="test_admin_mark_read_nonexistent_returns_404" time="0.521" /><testcase classname="backend.tests.test_realtime_notifications.TestAdminMarkAllRead" name="test_admin_mark_all_read_without_auth_returns_401" time="0.115" /><testcase classname="backend.tests.test_realtime_notifications.TestAdminMarkAllRead" name="test_admin_mark_all_read_with_auth" time="0.449" /><testcase classname="backend.tests.test_realtime_notifications.TestCreditAddTriggersNotification" name="test_add_credits_creates_notification" time="2.038" /><testcase classname="backend.tests.test_realtime_notifications.TestWebSocketConnection" name="test_websocket_url_format" time="0.347" /><testcase classname="backend.tests.test_realtime_notifications.TestWebSocketConnection" name="test_websocket_connection_with_websocket_client" time="0.334"><skipped type="pytest.skip" message="websocket-client not installed">/app/backend/tests/test_realtime_notifications.py:378: websocket-client not installed</skipped></testcase><testcase classname="backend.tests.test_realtime_notifications.TestNotificationFields" name="test_notification_has_required_fields" time="0.438" /></testsuite></testsuites>