<?xml version="1.0" encoding="utf-8"?><testsuites name="pytest tests"><testsuite name="pytest" errors="0" failures="0" skipped="0" tests="13" time="1.922" timestamp="2026-04-08T06:18:47.585540+00:00" hostname="agent-env-99f2e04f-3bfd-49bb-a3ea-6d0fde10627b"><testcase classname="backend.tests.test_reels_kuaishou_feed.TestReelsFeedAPI" name="test_reels_feed_returns_products" time="0.235" /><testcase classname="backend.tests.test_reels_kuaishou_feed.TestReelsFeedAPI" name="test_reels_feed_limit_parameter" time="0.111" /><testcase classname="backend.tests.test_reels_kuaishou_feed.TestReelsFeedAPI" name="test_reels_feed_max_limit" time="0.138" /><testcase classname="backend.tests.test_reels_kuaishou_feed.TestGroupProductsAPI" name="test_group_products_by_category" time="0.101" /><testcase classname="backend.tests.test_reels_kuaishou_feed.TestGroupProductsAPI" name="test_group_products_by_vendor_id" time="0.227" /><testcase classname="backend.tests.test_reels_kuaishou_feed.TestGroupProductsAPI" name="test_group_products_empty_result" time="0.099" /><testcase classname="backend.tests.test_reels_kuaishou_feed.TestGroupProductsAPI" name="test_group_products_required_params" time="0.101" /><testcase classname="backend.tests.test_reels_kuaishou_feed.TestVendorReelStrip" name="test_vendor_reel_strip_returns_products" time="0.223" /><testcase classname="backend.tests.test_reels_kuaishou_feed.TestPricingAPI" name="test_get_pricing" time="0.095" /><testcase classname="backend.tests.test_reels_kuaishou_feed.TestFeaturedSellersAPI" name="test_featured_sellers_returns_data" time="0.104" /><testcase classname="backend.tests.test_reels_kuaishou_feed.TestTrackViewAPI" name="test_track_view_success" time="0.219" /><testcase classname="backend.tests.test_reels_kuaishou_feed.TestRegressionHomepage" name="test_homepage_loads" time="0.092" /><testcase classname="backend.tests.test_reels_kuaishou_feed.TestRegressionHomepage" name="test_products_api" time="0.107" /></testsuite></testsuites>