<?xml version="1.0" encoding="utf-8"?><testsuites name="pytest tests"><testsuite name="pytest" errors="0" failures="0" skipped="0" tests="14" time="2.114" timestamp="2026-04-08T05:23:29.578656+00:00" hostname="agent-env-99f2e04f-3bfd-49bb-a3ea-6d0fde10627b"><testcase classname="backend.tests.test_reels_vendor_panel.TestReelsFeedAPI" name="test_reels_feed_returns_products" time="0.229" /><testcase classname="backend.tests.test_reels_vendor_panel.TestReelsFeedAPI" name="test_reels_feed_limit_parameter" time="0.100" /><testcase classname="backend.tests.test_reels_vendor_panel.TestReelsFeedAPI" name="test_reels_feed_products_have_images" time="0.118" /><testcase classname="backend.tests.test_reels_vendor_panel.TestGroupProductsAPI" name="test_group_products_by_category" time="0.097" /><testcase classname="backend.tests.test_reels_vendor_panel.TestGroupProductsAPI" name="test_group_products_by_vendor_id" time="0.158" /><testcase classname="backend.tests.test_reels_vendor_panel.TestGroupProductsAPI" name="test_group_products_empty_value" time="0.100" /><testcase classname="backend.tests.test_reels_vendor_panel.TestGroupProductsAPI" name="test_group_products_different_categories" time="0.453" /><testcase classname="backend.tests.test_reels_vendor_panel.TestPricingAPI" name="test_pricing_returns_all_fields" time="0.100" /><testcase classname="backend.tests.test_reels_vendor_panel.TestPricingAPI" name="test_pricing_values_are_numeric" time="0.094" /><testcase classname="backend.tests.test_reels_vendor_panel.TestTrackViewAPI" name="test_track_view_success" time="0.192" /><testcase classname="backend.tests.test_reels_vendor_panel.TestTrackViewAPI" name="test_track_view_nonexistent_product" time="0.092" /><testcase classname="backend.tests.test_reels_vendor_panel.TestFeaturedVendorsAPI" name="test_featured_vendors_returns_list" time="0.099" /><testcase classname="backend.tests.test_reels_vendor_panel.TestRegressionEndpoints" name="test_products_endpoint" time="0.100" /><testcase classname="backend.tests.test_reels_vendor_panel.TestRegressionEndpoints" name="test_booster_config_endpoint" time="0.114" /></testsuite></testsuites>