<?xml version="1.0" encoding="utf-8"?><testsuites name="pytest tests"><testsuite name="pytest" errors="0" failures="0" skipped="0" tests="13" time="1.395" timestamp="2026-04-04T13:35:10.478678+00:00" hostname="agent-env-a2e83356-880d-4e72-8fe3-7b748c0c223a"><testcase classname="backend.tests.test_reseller_price_override.TestProductAPIResellerOverride" name="test_product_normal_view_returns_base_price_and_compare_price" time="0.150" /><testcase classname="backend.tests.test_reseller_price_override.TestProductAPIResellerOverride" name="test_product_reseller_view_returns_reseller_price_no_compare" time="0.049" /><testcase classname="backend.tests.test_reseller_price_override.TestProductAPIResellerOverride" name="test_product_fake_price_returns_base_price" time="0.059" /><testcase classname="backend.tests.test_reseller_price_override.TestProductAPIResellerOverride" name="test_product_fake_reseller_returns_base_price" time="0.050" /><testcase classname="backend.tests.test_reseller_price_override.TestProductAPIResellerOverride" name="test_product_price_below_base_rejected" time="0.048" /><testcase classname="backend.tests.test_reseller_price_override.TestResellerValidatePriceEndpoint" name="test_validate_legitimate_reseller_price" time="0.051" /><testcase classname="backend.tests.test_reseller_price_override.TestResellerValidatePriceEndpoint" name="test_validate_fake_price_returns_invalid" time="0.058" /><testcase classname="backend.tests.test_reseller_price_override.TestResellerValidatePriceEndpoint" name="test_validate_fake_reseller_returns_invalid" time="0.052" /><testcase classname="backend.tests.test_reseller_price_override.TestCartResellerPriceOverride" name="test_cart_add_with_valid_reseller_override" time="0.394" /><testcase classname="backend.tests.test_reseller_price_override.TestCartResellerPriceOverride" name="test_cart_add_with_fake_reseller_ignores_override" time="0.109" /><testcase classname="backend.tests.test_reseller_price_override.TestCartResellerPriceOverride" name="test_cart_add_with_fake_price_ignores_override" time="0.095" /><testcase classname="backend.tests.test_reseller_price_override.TestCartResellerPriceOverride" name="test_cart_get_uses_price_override_for_total" time="0.159" /><testcase classname="backend.tests.test_reseller_price_override.TestCartCleanup" name="test_cleanup_cart" time="0.053" /></testsuite></testsuites>