<?xml version="1.0" encoding="utf-8"?><testsuites name="pytest tests"><testsuite name="pytest" errors="0" failures="0" skipped="0" tests="18" time="3.628" timestamp="2026-03-27T18:04:26.591179+00:00" hostname="agent-env-fb8a5ff2-59c5-4762-ba0c-1989fc1f03ed"><testcase classname="backend.tests.test_reviews.TestReviewsBackend" name="test_get_product_reviews_returns_200" time="0.301" /><testcase classname="backend.tests.test_reviews.TestReviewsBackend" name="test_get_product_reviews_stats_structure" time="0.119" /><testcase classname="backend.tests.test_reviews.TestReviewsBackend" name="test_create_review_requires_auth" time="0.107" /><testcase classname="backend.tests.test_reviews.TestReviewsBackend" name="test_create_review_requires_purchase" time="0.479" /><testcase classname="backend.tests.test_reviews.TestReviewsBackend" name="test_create_review_validates_rating" time="0.110" /><testcase classname="backend.tests.test_reviews.TestReviewsBackend" name="test_mark_helpful_endpoint_exists" time="0.124" /><testcase classname="backend.tests.test_reviews.TestReviewsBackend" name="test_admin_get_all_reviews" time="0.486" /><testcase classname="backend.tests.test_reviews.TestReviewsBackend" name="test_admin_get_reviews_with_product_info" time="0.118" /><testcase classname="backend.tests.test_reviews.TestReviewsBackend" name="test_admin_filter_by_status_pending" time="0.119" /><testcase classname="backend.tests.test_reviews.TestReviewsBackend" name="test_admin_filter_by_status_approved" time="0.107" /><testcase classname="backend.tests.test_reviews.TestReviewsBackend" name="test_admin_filter_by_status_rejected" time="0.151" /><testcase classname="backend.tests.test_reviews.TestReviewsBackend" name="test_admin_requires_auth" time="0.116" /><testcase classname="backend.tests.test_reviews.TestReviewsBackend" name="test_admin_update_status_endpoint_exists" time="0.125" /><testcase classname="backend.tests.test_reviews.TestReviewsBackend" name="test_admin_delete_endpoint_exists" time="0.114" /><testcase classname="backend.tests.test_reviews.TestReviewsBackend" name="test_admin_remove_image_endpoint_exists" time="0.116" /><testcase classname="backend.tests.test_reviews.TestReviewsAdminCRUD" name="test_admin_approve_review_flow" time="0.487" /><testcase classname="backend.tests.test_reviews.TestReviewsAdminCRUD" name="test_admin_reject_review_flow" time="0.393" /><testcase classname="backend.tests.test_reviews.TestImageCropModal" name="test_react_easy_crop_available" time="0.000" /></testsuite></testsuites>