<?xml version="1.0" encoding="utf-8"?><testsuites name="pytest tests"><testsuite name="pytest" errors="0" failures="0" skipped="1" tests="21" time="12.782" timestamp="2026-03-28T19:21:53.588882+00:00" hostname="agent-env-fb8a5ff2-59c5-4762-ba0c-1989fc1f03ed"><testcase classname="backend.tests.test_super_admin_control.TestAdminLoginSecurity" name="test_admin_login_page_no_demo_credentials" time="0.235" /><testcase classname="backend.tests.test_super_admin_control.TestAdminLoginSecurity" name="test_customer_auth_page_no_admin_credentials" time="0.116" /><testcase classname="backend.tests.test_super_admin_control.TestSuperAdminLogin" name="test_super_admin_login_success" time="0.357" /><testcase classname="backend.tests.test_super_admin_control.TestSuperAdminLogin" name="test_disabled_admin_cannot_login" time="0.710" /><testcase classname="backend.tests.test_super_admin_control.TestSuperAdminUserManagement" name="test_super_admin_can_view_all_users" time="0.487" /><testcase classname="backend.tests.test_super_admin_control.TestSuperAdminUserManagement" name="test_non_super_admin_cannot_reset_password" time="0.917" /><testcase classname="backend.tests.test_super_admin_control.TestSuperAdminUserManagement" name="test_non_super_admin_cannot_toggle_status" time="0.911" /><testcase classname="backend.tests.test_super_admin_control.TestSuperAdminUserManagement" name="test_non_super_admin_cannot_edit_user" time="0.941" /><testcase classname="backend.tests.test_super_admin_control.TestPasswordReset" name="test_password_reset_returns_temp_password" time="0.790" /><testcase classname="backend.tests.test_super_admin_control.TestPasswordReset" name="test_cannot_reset_own_password" time="0.782" /><testcase classname="backend.tests.test_super_admin_control.TestPasswordReset" name="test_password_reset_with_custom_password" time="0.844" /><testcase classname="backend.tests.test_super_admin_control.TestToggleStatus" name="test_toggle_status_disable_enable" time="0.718" /><testcase classname="backend.tests.test_super_admin_control.TestToggleStatus" name="test_cannot_disable_own_account" time="0.789" /><testcase classname="backend.tests.test_super_admin_control.TestEditUser" name="test_edit_user_name" time="0.763" /><testcase classname="backend.tests.test_super_admin_control.TestEditUser" name="test_edit_user_role" time="0.654" /><testcase classname="backend.tests.test_super_admin_control.TestActivityLog" name="test_super_admin_can_view_activity_log" time="0.491" /><testcase classname="backend.tests.test_super_admin_control.TestActivityLog" name="test_activity_log_sorted_by_timestamp_desc" time="0.430" /><testcase classname="backend.tests.test_super_admin_control.TestActivityLog" name="test_non_super_admin_cannot_view_activity_log" time="0.345"><skipped type="pytest.skip" message="Marketing manager login failed: {&quot;detail&quot;:&quot;Invalid credentials&quot;}">/app/backend/tests/test_super_admin_control.py:470: Marketing manager login failed: {"detail":"Invalid credentials"}</skipped></testcase><testcase classname="backend.tests.test_super_admin_control.TestActivityLog" name="test_activity_log_records_login" time="0.468" /><testcase classname="backend.tests.test_super_admin_control.TestActivityLog" name="test_activity_log_records_password_reset" time="0.944" /><testcase classname="backend.tests.test_super_admin_control.TestMobileBoosterPosition" name="test_booster_bar_component_has_correct_position" time="0.000" /></testsuite></testsuites>