<?xml version="1.0" encoding="utf-8"?><testsuites name="pytest tests"><testsuite name="pytest" errors="0" failures="0" skipped="0" tests="11" time="3.550" timestamp="2026-03-27T18:52:36.514630+00:00" hostname="agent-env-fb8a5ff2-59c5-4762-ba0c-1989fc1f03ed"><testcase classname="backend.tests.test_order_timeline.TestOrderTimelineBackend" name="test_01_create_order_logs_order_placed_event" time="1.678" /><testcase classname="backend.tests.test_order_timeline.TestOrderTimelineBackend" name="test_02_payment_verify_logs_events" time="0.220" /><testcase classname="backend.tests.test_order_timeline.TestOrderTimelineBackend" name="test_03_admin_status_update_logs_event" time="0.212" /><testcase classname="backend.tests.test_order_timeline.TestOrderTimelineBackend" name="test_04_admin_tracking_update_logs_events" time="0.242" /><testcase classname="backend.tests.test_order_timeline.TestOrderTimelineBackend" name="test_05_customer_timeline_hides_admin_names" time="0.114" /><testcase classname="backend.tests.test_order_timeline.TestOrderTimelineBackend" name="test_06_admin_timeline_shows_full_details" time="0.105" /><testcase classname="backend.tests.test_order_timeline.TestOrderTimelineBackend" name="test_07_timeline_event_structure" time="0.113" /><testcase classname="backend.tests.test_order_timeline.TestOrderTimelineBackend" name="test_08_timeline_chronological_order" time="0.124" /><testcase classname="backend.tests.test_order_timeline.TestOrderTimelineBackend" name="test_09_existing_order_has_events" time="0.250" /><testcase classname="backend.tests.test_order_timeline.TestOrderTimelineBackend" name="test_10_customer_cannot_access_admin_timeline" time="0.129" /><testcase classname="backend.tests.test_order_timeline.TestOrderTimelineBackend" name="test_11_customer_cannot_access_other_order_timeline" time="0.289" /></testsuite></testsuites>