<?xml version="1.0" encoding="utf-8"?><testsuites name="pytest tests"><testsuite name="pytest" errors="0" failures="0" skipped="0" tests="15" time="5.732" timestamp="2026-03-28T15:06:34.605901+00:00" hostname="agent-env-fb8a5ff2-59c5-4762-ba0c-1989fc1f03ed"><testcase classname="backend.tests.test_upsell_feature.TestUpsellBackendAPIs" name="test_admin_get_upsell_products" time="0.411" /><testcase classname="backend.tests.test_upsell_feature.TestUpsellBackendAPIs" name="test_admin_get_upsell_products_requires_auth" time="0.109" /><testcase classname="backend.tests.test_upsell_feature.TestUpsellBackendAPIs" name="test_admin_get_upsell_products_customer_forbidden" time="0.377" /><testcase classname="backend.tests.test_upsell_feature.TestUpsellBackendAPIs" name="test_admin_add_upsell_product" time="0.531" /><testcase classname="backend.tests.test_upsell_feature.TestUpsellBackendAPIs" name="test_admin_add_duplicate_upsell_product_fails" time="0.436" /><testcase classname="backend.tests.test_upsell_feature.TestUpsellBackendAPIs" name="test_admin_add_upsell_product_requires_auth" time="0.112" /><testcase classname="backend.tests.test_upsell_feature.TestUpsellBackendAPIs" name="test_admin_add_invalid_product_fails" time="0.382" /><testcase classname="backend.tests.test_upsell_feature.TestUpsellBackendAPIs" name="test_admin_delete_upsell_product" time="0.588" /><testcase classname="backend.tests.test_upsell_feature.TestUpsellBackendAPIs" name="test_admin_delete_nonexistent_upsell_fails" time="0.372" /><testcase classname="backend.tests.test_upsell_feature.TestUpsellBackendAPIs" name="test_customer_get_upsell_suggestions" time="0.407" /><testcase classname="backend.tests.test_upsell_feature.TestUpsellBackendAPIs" name="test_customer_upsell_suggestions_requires_auth" time="0.137" /><testcase classname="backend.tests.test_upsell_feature.TestUpsellBackendAPIs" name="test_customer_upsell_excludes_cart_items" time="0.546" /><testcase classname="backend.tests.test_upsell_feature.TestUpsellBackendAPIs" name="test_customer_upsell_prioritizes_admin_picks" time="0.729" /><testcase classname="backend.tests.test_upsell_feature.TestUpsellBackendAPIs" name="test_booster_slabs_exist" time="0.399" /><testcase classname="backend.tests.test_upsell_feature.TestUpsellBackendAPIs" name="test_public_booster_config" time="0.118" /></testsuite></testsuites>