<?xml version="1.0" encoding="utf-8"?><testsuites name="pytest tests"><testsuite name="pytest" errors="0" failures="0" skipped="4" tests="14" time="9.046" timestamp="2026-04-09T20:36:19.679084+00:00" hostname="agent-env-2fb9cf0a-a337-4b23-b979-d6067d57fec3"><testcase classname="backend.tests.test_user_notifications.TestUserNotificationEndpoints" name="test_user_notification_list_endpoint" time="0.807" /><testcase classname="backend.tests.test_user_notifications.TestUserNotificationEndpoints" name="test_user_unread_count_endpoint" time="0.789" /><testcase classname="backend.tests.test_user_notifications.TestUserNotificationEndpoints" name="test_user_notification_list_with_limit" time="0.705" /><testcase classname="backend.tests.test_user_notifications.TestUserNotificationEndpoints" name="test_user_notification_list_unread_only" time="0.709" /><testcase classname="backend.tests.test_user_notifications.TestUserNotificationEndpoints" name="test_user_notification_unauthorized" time="0.771" /><testcase classname="backend.tests.test_user_notifications.TestOrderNotificationCreation" name="test_cod_order_creates_notification" time="0.865"><skipped type="pytest.skip" message="Could not add product to cart">/app/backend/tests/test_user_notifications.py:163: Could not add product to cart</skipped></testcase><testcase classname="backend.tests.test_user_notifications.TestOrderNotificationCreation" name="test_order_confirmed_creates_notification" time="0.688"><skipped type="pytest.skip" message="No test order available">/app/backend/tests/test_user_notifications.py:216: No test order available</skipped></testcase><testcase classname="backend.tests.test_user_notifications.TestOrderNotificationCreation" name="test_order_shipped_creates_notification" time="0.650"><skipped type="pytest.skip" message="No test order available">/app/backend/tests/test_user_notifications.py:247: No test order available</skipped></testcase><testcase classname="backend.tests.test_user_notifications.TestOrderNotificationCreation" name="test_order_cancelled_creates_notification" time="0.761"><skipped type="pytest.skip" message="Could not add product to cart">/app/backend/tests/test_user_notifications.py:276: Could not add product to cart</skipped></testcase><testcase classname="backend.tests.test_user_notifications.TestMarkNotificationRead" name="test_mark_single_notification_read" time="0.533" /><testcase classname="backend.tests.test_user_notifications.TestMarkNotificationRead" name="test_mark_all_notifications_read" time="0.494" /><testcase classname="backend.tests.test_user_notifications.TestMarkNotificationRead" name="test_mark_nonexistent_notification_read" time="0.396" /><testcase classname="backend.tests.test_user_notifications.TestNotificationDataStructure" name="test_notification_has_required_fields" time="0.418" /><testcase classname="backend.tests.test_user_notifications.TestNotificationDataStructure" name="test_order_notification_has_redirect_url" time="0.386" /></testsuite></testsuites>