<?xml version="1.0" encoding="utf-8"?><testsuites name="pytest tests"><testsuite name="pytest" errors="0" failures="0" skipped="0" tests="18" time="11.189" timestamp="2026-03-16T00:49:39.656663+00:00" hostname="agent-env-4a857233-6a70-4f33-acef-9cdb8af294ef"><testcase classname="backend.tests.test_vendor_api.TestVendorRegistration" name="test_vendor_register_new" time="0.551" /><testcase classname="backend.tests.test_vendor_api.TestVendorRegistration" name="test_vendor_register_duplicate_email" time="0.524" /><testcase classname="backend.tests.test_vendor_api.TestVendorLogin" name="test_vendor_login_existing" time="0.367" /><testcase classname="backend.tests.test_vendor_api.TestVendorLogin" name="test_vendor_login_invalid" time="0.127" /><testcase classname="backend.tests.test_vendor_api.TestVendorProfile" name="test_get_vendor_profile" time="0.541" /><testcase classname="backend.tests.test_vendor_api.TestVendorKYC" name="test_submit_kyc" time="0.627" /><testcase classname="backend.tests.test_vendor_api.TestVendorDashboard" name="test_get_dashboard" time="0.504" /><testcase classname="backend.tests.test_vendor_api.TestVendorProductsUnapproved" name="test_unapproved_vendor_cannot_create_product" time="0.480" /><testcase classname="backend.tests.test_vendor_api.TestVendorWallet" name="test_get_wallet_balance" time="0.525" /><testcase classname="backend.tests.test_vendor_api.TestVendorInfluencerBrowse" name="test_browse_influencers" time="0.584" /><testcase classname="backend.tests.test_vendor_api.TestAdminVendorManagement" name="test_admin_list_vendors" time="0.711" /><testcase classname="backend.tests.test_vendor_api.TestAdminVendorManagement" name="test_admin_list_vendors_by_status" time="0.555" /><testcase classname="backend.tests.test_vendor_api.TestAdminVendorApproval" name="test_admin_approve_vendor" time="0.886" /><testcase classname="backend.tests.test_vendor_api.TestAdminKYCApproval" name="test_admin_approve_kyc" time="0.983" /><testcase classname="backend.tests.test_vendor_api.TestApprovedVendorProducts" name="test_approved_vendor_can_create_product" time="0.996" /><testcase classname="backend.tests.test_vendor_api.TestAdminProductApproval" name="test_admin_get_pending_products" time="0.541" /><testcase classname="backend.tests.test_vendor_api.TestVendorOffers" name="test_create_vendor_offer" time="1.051" /><testcase classname="backend.tests.test_vendor_api.TestVendorOffers" name="test_unapproved_vendor_cannot_create_offer" time="0.493" /></testsuite></testsuites>