<?xml version="1.0" encoding="utf-8"?><testsuites name="pytest tests"><testsuite name="pytest" errors="0" failures="0" skipped="0" tests="12" time="3.162" timestamp="2026-04-07T16:56:48.195557+00:00" hostname="agent-env-f56038f6-863d-4b79-9dd4-9e82780a0a15"><testcase classname="backend.tests.test_vendor_monetization.TestVendorMonetizationPublicAPIs" name="test_get_pricing" time="0.147" /><testcase classname="backend.tests.test_vendor_monetization.TestVendorMonetizationPublicAPIs" name="test_reels_feed" time="0.137" /><testcase classname="backend.tests.test_vendor_monetization.TestVendorMonetizationPublicAPIs" name="test_vendor_reel_strip" time="0.230" /><testcase classname="backend.tests.test_vendor_monetization.TestVendorMonetizationPublicAPIs" name="test_track_view" time="0.265" /><testcase classname="backend.tests.test_vendor_monetization.TestVendorMonetizationPublicAPIs" name="test_featured_vendors" time="0.108" /><testcase classname="backend.tests.test_vendor_monetization.TestAdminPricingAPI" name="test_admin_update_pricing" time="0.721" /><testcase classname="backend.tests.test_vendor_monetization.TestAdminPricingAPI" name="test_admin_update_pricing_no_auth" time="0.113" /><testcase classname="backend.tests.test_vendor_monetization.TestAdminPricingAPI" name="test_admin_add_credits" time="0.468" /><testcase classname="backend.tests.test_vendor_monetization.TestAdminPricingAPI" name="test_admin_all_boosts" time="0.554" /><testcase classname="backend.tests.test_vendor_monetization.TestRegressionAPIs" name="test_products_endpoint" time="0.113" /><testcase classname="backend.tests.test_vendor_monetization.TestRegressionAPIs" name="test_cart_endpoint" time="0.103" /><testcase classname="backend.tests.test_vendor_monetization.TestRegressionAPIs" name="test_homepage_loads" time="0.129" /></testsuite></testsuites>