<?xml version="1.0" encoding="utf-8"?><testsuites name="pytest tests"><testsuite name="pytest" errors="0" failures="0" skipped="1" tests="19" time="4.354" timestamp="2026-04-08T16:44:18.156629+00:00" hostname="agent-env-99f2e04f-3bfd-49bb-a3ea-6d0fde10627b"><testcase classname="backend.tests.test_vendor_kyc.TestVendorKYCBackend" name="test_vendor_login_no_kyc" time="0.471" /><testcase classname="backend.tests.test_vendor_kyc.TestVendorKYCBackend" name="test_vendor_login_approved" time="0.348" /><testcase classname="backend.tests.test_vendor_kyc.TestVendorKYCBackend" name="test_admin_login" time="0.359" /><testcase classname="backend.tests.test_vendor_kyc.TestVendorKYCBackend" name="test_kyc_status_endpoint" time="0.114" /><testcase classname="backend.tests.test_vendor_kyc.TestVendorKYCBackend" name="test_kyc_status_masked_data" time="0.102" /><testcase classname="backend.tests.test_vendor_kyc.TestVendorKYCBackend" name="test_kyc_upload_invalid_doc_type" time="0.103" /><testcase classname="backend.tests.test_vendor_kyc.TestVendorKYCBackend" name="test_kyc_upload_valid_doc_type" time="0.497" /><testcase classname="backend.tests.test_vendor_kyc.TestVendorKYCBackend" name="test_kyc_upload_invalid_file_type" time="0.111" /><testcase classname="backend.tests.test_vendor_kyc.TestVendorKYCBackend" name="test_kyc_submit_invalid_pan_format" time="0.114" /><testcase classname="backend.tests.test_vendor_kyc.TestVendorKYCBackend" name="test_kyc_submit_invalid_aadhaar_format" time="0.156" /><testcase classname="backend.tests.test_vendor_kyc.TestVendorKYCBackend" name="test_kyc_submit_missing_required_docs" time="0.152" /><testcase classname="backend.tests.test_vendor_kyc.TestVendorKYCBackend" name="test_admin_vendor_list" time="0.104" /><testcase classname="backend.tests.test_vendor_kyc.TestVendorKYCBackend" name="test_admin_vendor_list_filter_kyc_submitted" time="0.112" /><testcase classname="backend.tests.test_vendor_kyc.TestVendorKYCBackend" name="test_admin_kyc_details_endpoint" time="0.233" /><testcase classname="backend.tests.test_vendor_kyc.TestVendorKYCBackend" name="test_admin_per_document_review_invalid_status" time="0.246" /><testcase classname="backend.tests.test_vendor_kyc.TestVendorKYCBackend" name="test_admin_per_document_review_nonexistent_doc" time="0.549" /><testcase classname="backend.tests.test_vendor_kyc.TestVendorKYCBackend" name="test_admin_bulk_approve_kyc" time="0.246" /><testcase classname="backend.tests.test_vendor_kyc.TestVendorKYCBackend" name="test_admin_reject_kyc_with_reason" time="0.134"><skipped type="pytest.skip" message="No vendor with submitted KYC found">/app/backend/tests/test_vendor_kyc.py:379: No vendor with submitted KYC found</skipped></testcase><testcase classname="backend.tests.test_vendor_kyc.TestVendorKYCBackend" name="test_vendor_me_endpoint" time="0.129" /></testsuite></testsuites>