<?xml version="1.0" encoding="utf-8"?><testsuites name="pytest tests"><testsuite name="pytest" errors="0" failures="0" skipped="2" tests="21" time="15.032" timestamp="2026-04-08T07:25:08.456932+00:00" hostname="agent-env-99f2e04f-3bfd-49bb-a3ea-6d0fde10627b"><testcase classname="backend.tests.test_vendor_promotion_workflow.TestVendorPromotionWorkflow" name="test_01_get_public_pricing" time="0.941" /><testcase classname="backend.tests.test_vendor_promotion_workflow.TestVendorPromotionWorkflow" name="test_02_vendor_wallet" time="0.777" /><testcase classname="backend.tests.test_vendor_promotion_workflow.TestVendorPromotionWorkflow" name="test_03_vendor_analytics" time="0.782" /><testcase classname="backend.tests.test_vendor_promotion_workflow.TestVendorPromotionWorkflow" name="test_04_vendor_submit_promotion_request" time="0.793"><skipped type="pytest.skip" message="No approved products for vendor">/app/backend/tests/test_vendor_promotion_workflow.py:126: No approved products for vendor</skipped></testcase><testcase classname="backend.tests.test_vendor_promotion_workflow.TestVendorPromotionWorkflow" name="test_05_vendor_submit_featured_seller_request" time="0.738" /><testcase classname="backend.tests.test_vendor_promotion_workflow.TestVendorPromotionWorkflow" name="test_06_vendor_my_requests" time="0.736" /><testcase classname="backend.tests.test_vendor_promotion_workflow.TestVendorPromotionWorkflow" name="test_07_admin_vendor_list" time="0.786" /><testcase classname="backend.tests.test_vendor_promotion_workflow.TestVendorPromotionWorkflow" name="test_08_admin_get_requests_all" time="1.092" /><testcase classname="backend.tests.test_vendor_promotion_workflow.TestVendorPromotionWorkflow" name="test_09_admin_get_requests_pending" time="0.761" /><testcase classname="backend.tests.test_vendor_promotion_workflow.TestVendorPromotionWorkflow" name="test_10_admin_reject_request" time="0.848" /><testcase classname="backend.tests.test_vendor_promotion_workflow.TestVendorPromotionWorkflow" name="test_11_admin_approve_request" time="0.787"><skipped type="pytest.skip" message="No pending reel_boost request to approve">/app/backend/tests/test_vendor_promotion_workflow.py:292: No pending reel_boost request to approve</skipped></testcase><testcase classname="backend.tests.test_vendor_promotion_workflow.TestVendorPromotionWorkflow" name="test_12_admin_feature_vendor" time="0.771" /><testcase classname="backend.tests.test_vendor_promotion_workflow.TestVendorPromotionWorkflow" name="test_13_admin_get_featured_vendors" time="0.821" /><testcase classname="backend.tests.test_vendor_promotion_workflow.TestVendorPromotionWorkflow" name="test_14_admin_remove_featured" time="0.736" /><testcase classname="backend.tests.test_vendor_promotion_workflow.TestVendorPromotionWorkflow" name="test_15_admin_all_boosts" time="0.732" /><testcase classname="backend.tests.test_vendor_promotion_workflow.TestVendorPromotionWorkflow" name="test_16_admin_update_pricing" time="0.977" /><testcase classname="backend.tests.test_vendor_promotion_workflow.TestVendorPromotionWorkflow" name="test_17_public_featured_vendors" time="0.784" /><testcase classname="backend.tests.test_vendor_promotion_workflow.TestVendorPromotionWorkflow" name="test_18_public_reels_feed" time="0.759" /><testcase classname="backend.tests.test_vendor_promotion_workflow.TestRegressionChecks" name="test_homepage_loads" time="0.095" /><testcase classname="backend.tests.test_vendor_promotion_workflow.TestRegressionChecks" name="test_products_page" time="0.114" /><testcase classname="backend.tests.test_vendor_promotion_workflow.TestRegressionChecks" name="test_reels_feed" time="0.110" /></testsuite></testsuites>