<?xml version="1.0" encoding="utf-8"?><testsuites name="pytest tests"><testsuite name="pytest" errors="0" failures="0" skipped="0" tests="18" time="2.170" timestamp="2026-03-26T04:25:37.441211+00:00" hostname="agent-env-fb8a5ff2-59c5-4762-ba0c-1989fc1f03ed"><testcase classname="tests.test_vendor_store.TestVendorStoreAPI" name="test_health_check" time="0.185" /><testcase classname="tests.test_vendor_store.TestVendorStoreAPI" name="test_store_endpoint_returns_200_for_approved_vendor" time="0.117" /><testcase classname="tests.test_vendor_store.TestVendorStoreAPI" name="test_store_endpoint_returns_correct_vendor_id" time="0.119" /><testcase classname="tests.test_vendor_store.TestVendorStoreAPI" name="test_store_endpoint_returns_404_for_nonexistent_vendor" time="0.112" /><testcase classname="tests.test_vendor_store.TestVendorStoreAPI" name="test_store_endpoint_returns_404_for_non_approved_vendor" time="0.145" /><testcase classname="tests.test_vendor_store.TestVendorStoreAPI" name="test_store_does_not_expose_password" time="0.105" /><testcase classname="tests.test_vendor_store.TestVendorStoreAPI" name="test_store_does_not_expose_kyc_data" time="0.103" /><testcase classname="tests.test_vendor_store.TestVendorStoreAPI" name="test_store_does_not_expose_kyc_documents" time="0.120" /><testcase classname="tests.test_vendor_store.TestVendorStoreAPI" name="test_store_does_not_expose_bank_details" time="0.112" /><testcase classname="tests.test_vendor_store.TestVendorStoreAPI" name="test_store_does_not_expose_wallet_balance" time="0.108" /><testcase classname="tests.test_vendor_store.TestVendorStoreAPI" name="test_store_returns_products_array" time="0.106" /><testcase classname="tests.test_vendor_store.TestVendorStoreAPI" name="test_store_returns_review_stats" time="0.112" /><testcase classname="tests.test_vendor_store.TestVendorStoreAPI" name="test_store_returns_recent_reviews" time="0.108" /><testcase classname="tests.test_vendor_store.TestVendorStoreAPI" name="test_store_returns_member_since" time="0.129" /><testcase classname="tests.test_vendor_store.TestVendorStoreAPI" name="test_store_returns_total_products_count" time="0.107" /><testcase classname="tests.test_vendor_store.TestVendorStoreAPI" name="test_store_no_auth_required" time="0.101" /><testcase classname="tests.test_vendor_store.TestVendorStoreProductsFiltering" name="test_store_only_returns_approved_products" time="0.100" /><testcase classname="tests.test_vendor_store.TestVendorStoreProductsFiltering" name="test_store_only_returns_active_products" time="0.113" /></testsuite></testsuites>