<?xml version="1.0" encoding="utf-8"?><testsuites name="pytest tests"><testsuite name="pytest" errors="0" failures="0" skipped="0" tests="25" time="8.121" timestamp="2026-03-31T11:46:22.664073+00:00" hostname="agent-env-a2e83356-880d-4e72-8fe3-7b748c0c223a"><testcase classname="backend.tests.test_whatsapp_interakt.TestWhatsAppSettings" name="test_get_settings_returns_200" time="0.529" /><testcase classname="backend.tests.test_whatsapp_interakt.TestWhatsAppSettings" name="test_update_settings_toggle" time="0.303" /><testcase classname="backend.tests.test_whatsapp_interakt.TestWhatsAppSettings" name="test_update_abandoned_cart_delay" time="0.193" /><testcase classname="backend.tests.test_whatsapp_interakt.TestWhatsAppStats" name="test_get_stats_returns_200" time="0.102" /><testcase classname="backend.tests.test_whatsapp_interakt.TestWhatsAppMessages" name="test_get_messages_returns_200" time="0.143" /><testcase classname="backend.tests.test_whatsapp_interakt.TestWhatsAppMessages" name="test_get_messages_with_pagination" time="0.155" /><testcase classname="backend.tests.test_whatsapp_interakt.TestWhatsAppMessages" name="test_get_messages_with_type_filter" time="0.110" /><testcase classname="backend.tests.test_whatsapp_interakt.TestWhatsAppTestMessage" name="test_send_test_message_success" time="0.619" /><testcase classname="backend.tests.test_whatsapp_interakt.TestWhatsAppTestMessage" name="test_send_test_message_invalid_phone" time="0.101" /><testcase classname="backend.tests.test_whatsapp_interakt.TestWhatsAppTestMessage" name="test_send_test_message_with_template" time="0.692" /><testcase classname="backend.tests.test_whatsapp_interakt.TestWhatsAppWebhook" name="test_webhook_receives_payload" time="0.117" /><testcase classname="backend.tests.test_whatsapp_interakt.TestWhatsAppWebhook" name="test_webhook_handles_message_received" time="0.107" /><testcase classname="backend.tests.test_whatsapp_interakt.TestWhatsAppWebhook" name="test_webhook_rejects_invalid_json" time="0.102" /><testcase classname="backend.tests.test_whatsapp_interakt.TestWhatsAppAbandonedCarts" name="test_trigger_abandoned_cart_check" time="0.092" /><testcase classname="backend.tests.test_whatsapp_interakt.TestWhatsAppCampaigns" name="test_get_campaigns_returns_200" time="0.498" /><testcase classname="backend.tests.test_whatsapp_interakt.TestWhatsAppCampaigns" name="test_broadcast_no_recipients" time="0.121" /><testcase classname="backend.tests.test_whatsapp_interakt.TestWhatsAppCampaigns" name="test_broadcast_with_custom_phones" time="0.122" /><testcase classname="backend.tests.test_whatsapp_interakt.TestWhatsAppAuthRequired" name="test_settings_requires_auth" time="1.155" /><testcase classname="backend.tests.test_whatsapp_interakt.TestWhatsAppAuthRequired" name="test_stats_requires_auth" time="0.123" /><testcase classname="backend.tests.test_whatsapp_interakt.TestWhatsAppAuthRequired" name="test_messages_requires_auth" time="0.101" /><testcase classname="backend.tests.test_whatsapp_interakt.TestWhatsAppAuthRequired" name="test_test_message_requires_auth" time="0.102" /><testcase classname="backend.tests.test_whatsapp_interakt.TestWhatsAppAuthRequired" name="test_campaigns_requires_auth" time="0.107" /><testcase classname="backend.tests.test_whatsapp_interakt.TestWhatsAppAuthRequired" name="test_abandoned_carts_requires_auth" time="0.091" /><testcase classname="backend.tests.test_whatsapp_interakt.TestInteraktServiceFunctions" name="test_phone_validation_formats" time="1.823" /><testcase classname="backend.tests.test_whatsapp_interakt.TestInteraktServiceFunctions" name="test_invalid_phone_formats" time="0.428" /></testsuite></testsuites>